==316015== Memcheck, a memory error detector
==316015== Copyright (C) 2002-2017, and GNU GPL'd, by Julian Seward et al.
==316015== Using Valgrind-3.18.1 and LibVEX; rerun with -h for copyright info
==316015== Command: ./cub3d src/maps/test_map_gigi.cub
==316015== Parent PID: 308912
==316015== 
==316015== Invalid read of size 8
==316015==    at 0x112440: dda (dda.c:36)
==316015==    by 0x112584: raycasting (raycasting.c:30)
==316015==    by 0x11179A: merge_screens (merge_screen.c:23)
==316015==    by 0x111C82: move_player (move_player.c:36)
==316015==    by 0x10FB24: game_loop (main.c:40)
==316015==    by 0x116E44: mlx_loop (in /home/hlichten/Documents/cub3D/cub3d)
==316015==    by 0x10FAD3: main (main.c:31)
==316015==  Address 0x4d3fb28 is 8 bytes before a block of size 120 alloc'd
==316015==    at 0x4848899: malloc (in /usr/libexec/valgrind/vgpreload_memcheck-amd64-linux.so)
==316015==    by 0x1132B0: alloc_map_line (alloc_map.c:20)
==316015==    by 0x11486D: process_map_line (parsing.c:75)
==316015==    by 0x114718: parse_file (parsing.c:44)
==316015==    by 0x114639: parsing (parsing.c:20)
==316015==    by 0x10FA2D: main (main.c:25)
==316015== 
==316015== Invalid read of size 1
==316015==    at 0x112452: dda (dda.c:36)
==316015==    by 0x112584: raycasting (raycasting.c:30)
==316015==    by 0x11179A: merge_screens (merge_screen.c:23)
==316015==    by 0x111C82: move_player (move_player.c:36)
==316015==    by 0x10FB24: game_loop (main.c:40)
==316015==    by 0x116E44: mlx_loop (in /home/hlichten/Documents/cub3D/cub3d)
==316015==    by 0x10FAD3: main (main.c:31)
==316015==  Address 0x4 is not stack'd, malloc'd or (recently) free'd
==316015== 
==316015== 
==316015== Process terminating with default action of signal 11 (SIGSEGV)
==316015==  Access not within mapped region at address 0x4
==316015==    at 0x112452: dda (dda.c:36)
==316015==    by 0x112584: raycasting (raycasting.c:30)
==316015==    by 0x11179A: merge_screens (merge_screen.c:23)
==316015==    by 0x111C82: move_player (move_player.c:36)
==316015==    by 0x10FB24: game_loop (main.c:40)
==316015==    by 0x116E44: mlx_loop (in /home/hlichten/Documents/cub3D/cub3d)
==316015==    by 0x10FAD3: main (main.c:31)
==316015==  If you believe this happened as a result of a stack
==316015==  overflow in your program's main thread (unlikely but
==316015==  possible), you can try to increase the size of the
==316015==  main thread stack using the --main-stacksize= flag.
==316015==  The main thread stack size used in this run was 8388608.
==316015== 
==316015== HEAP SUMMARY:
==316015==     in use at exit: 109,815 bytes in 180 blocks
==316015==   total heap usage: 5,884 allocs, 5,704 frees, 5,505,636 bytes allocated
==316015== 
==316015== 3 bytes in 1 blocks are still reachable in loss record 1 of 110
==316015==    at 0x4848899: malloc (in /usr/libexec/valgrind/vgpreload_memcheck-amd64-linux.so)
==316015==    by 0x4B5858E: strdup (strdup.c:42)
==316015==    by 0x48B8B45: XOpenDisplay (in /usr/lib/x86_64-linux-gnu/libX11.so.6.4.0)
==316015==    by 0x116AC6: mlx_init (in /home/hlichten/Documents/cub3D/cub3d)
==316015==    by 0x110201: create_window (window_creation.c:21)
==316015==    by 0x10FA3C: main (main.c:26)
==316015== 
==316015== 8 bytes in 1 blocks are still reachable in loss record 2 of 110
==316015==    at 0x4848899: malloc (in /usr/libexec/valgrind/vgpreload_memcheck-amd64-linux.so)
==316015==    by 0x4B5858E: strdup (strdup.c:42)
==316015==    by 0x48B59AE: XInitExtension (in /usr/lib/x86_64-linux-gnu/libX11.so.6.4.0)
==316015==    by 0x487A820: XextAddDisplay (in /usr/lib/x86_64-linux-gnu/libXext.so.6.4.0)
==316015==    by 0x487F9E2: XShmQueryVersion (in /usr/lib/x86_64-linux-gnu/libXext.so.6.4.0)
==316015==    by 0x116903: mlx_int_deal_shm (in /home/hlichten/Documents/cub3D/cub3d)
==316015==    by 0x116B72: mlx_init (in /home/hlichten/Documents/cub3D/cub3d)
==316015==    by 0x110201: create_window (window_creation.c:21)
==316015==    by 0x10FA3C: main (main.c:26)
==316015== 
==316015== 8 bytes in 1 blocks are still reachable in loss record 3 of 110
==316015==    at 0x4848899: malloc (in /usr/libexec/valgrind/vgpreload_memcheck-amd64-linux.so)
==316015==    by 0x4878B34: ??? (in /usr/lib/x86_64-linux-gnu/libXext.so.6.4.0)
==316015==    by 0x487A9DF: XextAddDisplay (in /usr/lib/x86_64-linux-gnu/libXext.so.6.4.0)
==316015==    by 0x487F9E2: XShmQueryVersion (in /usr/lib/x86_64-linux-gnu/libXext.so.6.4.0)
==316015==    by 0x116903: mlx_int_deal_shm (in /home/hlichten/Documents/cub3D/cub3d)
==316015==    by 0x116B72: mlx_init (in /home/hlichten/Documents/cub3D/cub3d)
==316015==    by 0x110201: create_window (window_creation.c:21)
==316015==    by 0x10FA3C: main (main.c:26)
==316015== 
==316015== 10 bytes in 1 blocks are still reachable in loss record 4 of 110
==316015==    at 0x4848899: malloc (in /usr/libexec/valgrind/vgpreload_memcheck-amd64-linux.so)
==316015==    by 0x4B5858E: strdup (strdup.c:42)
==316015==    by 0x48B59AE: XInitExtension (in /usr/lib/x86_64-linux-gnu/libX11.so.6.4.0)
==316015==    by 0x491F213: XkbUseExtension (in /usr/lib/x86_64-linux-gnu/libX11.so.6.4.0)
==316015==    by 0x48B96A8: XOpenDisplay (in /usr/lib/x86_64-linux-gnu/libX11.so.6.4.0)
==316015==    by 0x116AC6: mlx_init (in /home/hlichten/Documents/cub3D/cub3d)
==316015==    by 0x110201: create_window (window_creation.c:21)
==316015==    by 0x10FA3C: main (main.c:26)
==316015== 
==316015== 16 bytes in 1 blocks are still reachable in loss record 5 of 110
==316015==    at 0x4848899: malloc (in /usr/libexec/valgrind/vgpreload_memcheck-amd64-linux.so)
==316015==    by 0x4CEA2EE: xcb_connect_to_fd (in /usr/lib/x86_64-linux-gnu/libxcb.so.1.1.0)
==316015==    by 0x4CEAE6B: xcb_connect_to_display_with_auth_info (in /usr/lib/x86_64-linux-gnu/libxcb.so.1.1.0)
==316015==    by 0x48C8EE9: _XConnectXCB (in /usr/lib/x86_64-linux-gnu/libX11.so.6.4.0)
==316015==    by 0x48B8B68: XOpenDisplay (in /usr/lib/x86_64-linux-gnu/libX11.so.6.4.0)
==316015==    by 0x116AC6: mlx_init (in /home/hlichten/Documents/cub3D/cub3d)
==316015==    by 0x110201: create_window (window_creation.c:21)
==316015==    by 0x10FA3C: main (main.c:26)
==316015== 
==316015== 21 bytes in 1 blocks are still reachable in loss record 6 of 110
==316015==    at 0x4848899: malloc (in /usr/libexec/valgrind/vgpreload_memcheck-amd64-linux.so)
==316015==    by 0x48B903E: XOpenDisplay (in /usr/lib/x86_64-linux-gnu/libX11.so.6.4.0)
==316015==    by 0x116AC6: mlx_init (in /home/hlichten/Documents/cub3D/cub3d)
==316015==    by 0x110201: create_window (window_creation.c:21)
==316015==    by 0x10FA3C: main (main.c:26)
==316015== 
==316015== 24 bytes in 1 blocks are still reachable in loss record 7 of 110
==316015==    at 0x4848899: malloc (in /usr/libexec/valgrind/vgpreload_memcheck-amd64-linux.so)
==316015==    by 0x487A041: XextCreateExtension (in /usr/lib/x86_64-linux-gnu/libXext.so.6.4.0)
==316015==    by 0x487A4CC: ??? (in /usr/lib/x86_64-linux-gnu/libXext.so.6.4.0)
==316015==    by 0x487A9C8: XextAddDisplay (in /usr/lib/x86_64-linux-gnu/libXext.so.6.4.0)
==316015==    by 0x487F9E2: XShmQueryVersion (in /usr/lib/x86_64-linux-gnu/libXext.so.6.4.0)
==316015==    by 0x116903: mlx_int_deal_shm (in /home/hlichten/Documents/cub3D/cub3d)
==316015==    by 0x116B72: mlx_init (in /home/hlichten/Documents/cub3D/cub3d)
==316015==    by 0x110201: create_window (window_creation.c:21)
==316015==    by 0x10FA3C: main (main.c:26)
==316015== 
==316015== 24 bytes in 1 blocks are still reachable in loss record 8 of 110
==316015==    at 0x4848899: malloc (in /usr/libexec/valgrind/vgpreload_memcheck-amd64-linux.so)
==316015==    by 0x4B5858E: strdup (strdup.c:42)
==316015==    by 0x48B59AE: XInitExtension (in /usr/lib/x86_64-linux-gnu/libX11.so.6.4.0)
==316015==    by 0x487A820: XextAddDisplay (in /usr/lib/x86_64-linux-gnu/libXext.so.6.4.0)
==316015==    by 0x487A50A: ??? (in /usr/lib/x86_64-linux-gnu/libXext.so.6.4.0)
==316015==    by 0x487A9C8: XextAddDisplay (in /usr/lib/x86_64-linux-gnu/libXext.so.6.4.0)
==316015==    by 0x487F9E2: XShmQueryVersion (in /usr/lib/x86_64-linux-gnu/libXext.so.6.4.0)
==316015==    by 0x116903: mlx_int_deal_shm (in /home/hlichten/Documents/cub3D/cub3d)
==316015==    by 0x116B72: mlx_init (in /home/hlichten/Documents/cub3D/cub3d)
==316015==    by 0x110201: create_window (window_creation.c:21)
==316015==    by 0x10FA3C: main (main.c:26)
==316015== 
==316015== 24 bytes in 1 blocks are still reachable in loss record 9 of 110
==316015==    at 0x4848899: malloc (in /usr/libexec/valgrind/vgpreload_memcheck-amd64-linux.so)
==316015==    by 0x487A9F5: XextAddDisplay (in /usr/lib/x86_64-linux-gnu/libXext.so.6.4.0)
==316015==    by 0x487F9E2: XShmQueryVersion (in /usr/lib/x86_64-linux-gnu/libXext.so.6.4.0)
==316015==    by 0x116903: mlx_int_deal_shm (in /home/hlichten/Documents/cub3D/cub3d)
==316015==    by 0x116B72: mlx_init (in /home/hlichten/Documents/cub3D/cub3d)
==316015==    by 0x110201: create_window (window_creation.c:21)
==316015==    by 0x10FA3C: main (main.c:26)
==316015== 
==316015== 24 bytes in 1 blocks are still reachable in loss record 10 of 110
==316015==    at 0x4848899: malloc (in /usr/libexec/valgrind/vgpreload_memcheck-amd64-linux.so)
==316015==    by 0x48C6A65: ??? (in /usr/lib/x86_64-linux-gnu/libX11.so.6.4.0)
==316015==    by 0x48CF2C6: _XReply (in /usr/lib/x86_64-linux-gnu/libX11.so.6.4.0)
==316015==    by 0x48CF77E: XSync (in /usr/lib/x86_64-linux-gnu/libX11.so.6.4.0)
==316015==    by 0x116E2F: mlx_loop (in /home/hlichten/Documents/cub3D/cub3d)
==316015==    by 0x10FAD3: main (main.c:31)
==316015== 
==316015== 29 bytes in 1 blocks are still reachable in loss record 11 of 110
==316015==    at 0x4848899: malloc (in /usr/libexec/valgrind/vgpreload_memcheck-amd64-linux.so)
==316015==    by 0x48B20CD: _XUpdateAtomCache (in /usr/lib/x86_64-linux-gnu/libX11.so.6.4.0)
==316015==    by 0x48B4929: XInternAtom (in /usr/lib/x86_64-linux-gnu/libX11.so.6.4.0)
==316015==    by 0x116B64: mlx_init (in /home/hlichten/Documents/cub3D/cub3d)
==316015==    by 0x110201: create_window (window_creation.c:21)
==316015==    by 0x10FA3C: main (main.c:26)
==316015== 
==316015== 32 bytes in 1 blocks are still reachable in loss record 12 of 110
==316015==    at 0x48487A9: malloc (in /usr/libexec/valgrind/vgpreload_memcheck-amd64-linux.so)
==316015==    by 0x4CEE15E: ??? (in /usr/lib/x86_64-linux-gnu/libxcb.so.1.1.0)
==316015==    by 0x4CEE237: xcb_get_extension_data (in /usr/lib/x86_64-linux-gnu/libxcb.so.1.1.0)
==316015==    by 0x4CEE2EE: xcb_prefetch_maximum_request_length (in /usr/lib/x86_64-linux-gnu/libxcb.so.1.1.0)
==316015==    by 0x4CEE364: xcb_get_maximum_request_length (in /usr/lib/x86_64-linux-gnu/libxcb.so.1.1.0)
==316015==    by 0x48B952B: XOpenDisplay (in /usr/lib/x86_64-linux-gnu/libX11.so.6.4.0)
==316015==    by 0x116AC6: mlx_init (in /home/hlichten/Documents/cub3D/cub3d)
==316015==    by 0x110201: create_window (window_creation.c:21)
==316015==    by 0x10FA3C: main (main.c:26)
==316015== 
==316015== 32 bytes in 1 blocks are still reachable in loss record 13 of 110
==316015==    at 0x4848899: malloc (in /usr/libexec/valgrind/vgpreload_memcheck-amd64-linux.so)
==316015==    by 0x4CE71B7: ??? (in /usr/lib/x86_64-linux-gnu/libxcb.so.1.1.0)
==316015==    by 0x4CE7A08: ??? (in /usr/lib/x86_64-linux-gnu/libxcb.so.1.1.0)
==316015==    by 0x4CE7EB0: ??? (in /usr/lib/x86_64-linux-gnu/libxcb.so.1.1.0)
==316015==    by 0x4CE8E44: xcb_wait_for_reply (in /usr/lib/x86_64-linux-gnu/libxcb.so.1.1.0)
==316015==    by 0x4CEE292: xcb_get_extension_data (in /usr/lib/x86_64-linux-gnu/libxcb.so.1.1.0)
==316015==    by 0x4CEE2EE: xcb_prefetch_maximum_request_length (in /usr/lib/x86_64-linux-gnu/libxcb.so.1.1.0)
==316015==    by 0x4CEE364: xcb_get_maximum_request_length (in /usr/lib/x86_64-linux-gnu/libxcb.so.1.1.0)
==316015==    by 0x48B952B: XOpenDisplay (in /usr/lib/x86_64-linux-gnu/libX11.so.6.4.0)
==316015==    by 0x116AC6: mlx_init (in /home/hlichten/Documents/cub3D/cub3d)
==316015==    by 0x110201: create_window (window_creation.c:21)
==316015==    by 0x10FA3C: main (main.c:26)
==316015== 
==316015== 32 bytes in 1 blocks are still reachable in loss record 14 of 110
==316015==    at 0x4848899: malloc (in /usr/libexec/valgrind/vgpreload_memcheck-amd64-linux.so)
==316015==    by 0x487A7FF: XextAddDisplay (in /usr/lib/x86_64-linux-gnu/libXext.so.6.4.0)
==316015==    by 0x487F9E2: XShmQueryVersion (in /usr/lib/x86_64-linux-gnu/libXext.so.6.4.0)
==316015==    by 0x116903: mlx_int_deal_shm (in /home/hlichten/Documents/cub3D/cub3d)
==316015==    by 0x116B72: mlx_init (in /home/hlichten/Documents/cub3D/cub3d)
==316015==    by 0x110201: create_window (window_creation.c:21)
==316015==    by 0x10FA3C: main (main.c:26)
==316015== 
==316015== 32 bytes in 1 blocks are still reachable in loss record 15 of 110
==316015==    at 0x4848899: malloc (in /usr/libexec/valgrind/vgpreload_memcheck-amd64-linux.so)
==316015==    by 0x487A7FF: XextAddDisplay (in /usr/lib/x86_64-linux-gnu/libXext.so.6.4.0)
==316015==    by 0x487A50A: ??? (in /usr/lib/x86_64-linux-gnu/libXext.so.6.4.0)
==316015==    by 0x487A9C8: XextAddDisplay (in /usr/lib/x86_64-linux-gnu/libXext.so.6.4.0)
==316015==    by 0x487F9E2: XShmQueryVersion (in /usr/lib/x86_64-linux-gnu/libXext.so.6.4.0)
==316015==    by 0x116903: mlx_int_deal_shm (in /home/hlichten/Documents/cub3D/cub3d)
==316015==    by 0x116B72: mlx_init (in /home/hlichten/Documents/cub3D/cub3d)
==316015==    by 0x110201: create_window (window_creation.c:21)
==316015==    by 0x10FA3C: main (main.c:26)
==316015== 
==316015== 33 bytes in 1 blocks are still reachable in loss record 16 of 110
==316015==    at 0x4848899: malloc (in /usr/libexec/valgrind/vgpreload_memcheck-amd64-linux.so)
==316015==    by 0x48B20CD: _XUpdateAtomCache (in /usr/lib/x86_64-linux-gnu/libX11.so.6.4.0)
==316015==    by 0x48B4929: XInternAtom (in /usr/lib/x86_64-linux-gnu/libX11.so.6.4.0)
==316015==    by 0x116B4F: mlx_init (in /home/hlichten/Documents/cub3D/cub3d)
==316015==    by 0x110201: create_window (window_creation.c:21)
==316015==    by 0x10FA3C: main (main.c:26)
==316015== 
==316015== 38 bytes in 1 blocks are still reachable in loss record 17 of 110
==316015==    at 0x4848899: malloc (in /usr/libexec/valgrind/vgpreload_memcheck-amd64-linux.so)
==316015==    by 0x1162C9: ft_strdup (ft_strdup.c:23)
==316015==    by 0x114394: parse_text_ea (parsing_orientation.c:62)
==316015==    by 0x114C2B: parse_orientation (parsing_texture.c:64)
==316015==    by 0x1149F9: parse_texture_line (parsing_texture.c:21)
==316015==    by 0x1147D2: process_config_line (parsing.c:59)
==316015==    by 0x1146F7: parse_file (parsing.c:41)
==316015==    by 0x114639: parsing (parsing.c:20)
==316015==    by 0x10FA2D: main (main.c:25)
==316015== 
==316015== 38 bytes in 1 blocks are still reachable in loss record 18 of 110
==316015==    at 0x4848899: malloc (in /usr/libexec/valgrind/vgpreload_memcheck-amd64-linux.so)
==316015==    by 0x1162C9: ft_strdup (ft_strdup.c:23)
==316015==    by 0x114218: parse_text_no (parsing_orientation.c:24)
==316015==    by 0x114BB5: parse_orientation (parsing_texture.c:60)
==316015==    by 0x1149F9: parse_texture_line (parsing_texture.c:21)
==316015==    by 0x1147D2: process_config_line (parsing.c:59)
==316015==    by 0x1146F7: parse_file (parsing.c:41)
==316015==    by 0x114639: parsing (parsing.c:20)
==316015==    by 0x10FA2D: main (main.c:25)
==316015== 
==316015== 38 bytes in 1 blocks are still reachable in loss record 19 of 110
==316015==    at 0x4848899: malloc (in /usr/libexec/valgrind/vgpreload_memcheck-amd64-linux.so)
==316015==    by 0x1162C9: ft_strdup (ft_strdup.c:23)
==316015==    by 0x1142D6: parse_text_so (parsing_orientation.c:43)
==316015==    by 0x114BF0: parse_orientation (parsing_texture.c:62)
==316015==    by 0x1149F9: parse_texture_line (parsing_texture.c:21)
==316015==    by 0x1147D2: process_config_line (parsing.c:59)
==316015==    by 0x1146F7: parse_file (parsing.c:41)
==316015==    by 0x114639: parsing (parsing.c:20)
==316015==    by 0x10FA2D: main (main.c:25)
==316015== 
==316015== 38 bytes in 1 blocks are still reachable in loss record 20 of 110
==316015==    at 0x4848899: malloc (in /usr/libexec/valgrind/vgpreload_memcheck-amd64-linux.so)
==316015==    by 0x1162C9: ft_strdup (ft_strdup.c:23)
==316015==    by 0x114452: parse_text_we (parsing_orientation.c:81)
==316015==    by 0x114C63: parse_orientation (parsing_texture.c:66)
==316015==    by 0x1149F9: parse_texture_line (parsing_texture.c:21)
==316015==    by 0x1147D2: process_config_line (parsing.c:59)
==316015==    by 0x1146F7: parse_file (parsing.c:41)
==316015==    by 0x114639: parsing (parsing.c:20)
==316015==    by 0x10FA2D: main (main.c:25)
==316015== 
==316015== 40 bytes in 1 blocks are still reachable in loss record 21 of 110
==316015==    at 0x4848899: malloc (in /usr/libexec/valgrind/vgpreload_memcheck-amd64-linux.so)
==316015==    by 0x48C91F1: _XPollfdCacheInit (in /usr/lib/x86_64-linux-gnu/libX11.so.6.4.0)
==316015==    by 0x48B8E71: XOpenDisplay (in /usr/lib/x86_64-linux-gnu/libX11.so.6.4.0)
==316015==    by 0x116AC6: mlx_init (in /home/hlichten/Documents/cub3D/cub3d)
==316015==    by 0x110201: create_window (window_creation.c:21)
==316015==    by 0x10FA3C: main (main.c:26)
==316015== 
==316015== 48 bytes in 1 blocks are still reachable in loss record 22 of 110
==316015==    at 0x4848899: malloc (in /usr/libexec/valgrind/vgpreload_memcheck-amd64-linux.so)
==316015==    by 0x48C8E71: _XConnectXCB (in /usr/lib/x86_64-linux-gnu/libX11.so.6.4.0)
==316015==    by 0x48B8B68: XOpenDisplay (in /usr/lib/x86_64-linux-gnu/libX11.so.6.4.0)
==316015==    by 0x116AC6: mlx_init (in /home/hlichten/Documents/cub3D/cub3d)
==316015==    by 0x110201: create_window (window_creation.c:21)
==316015==    by 0x10FA3C: main (main.c:26)
==316015== 
==316015== 48 bytes in 1 blocks are still reachable in loss record 23 of 110
==316015==    at 0x4848899: malloc (in /usr/libexec/valgrind/vgpreload_memcheck-amd64-linux.so)
==316015==    by 0x48C8E87: _XConnectXCB (in /usr/lib/x86_64-linux-gnu/libX11.so.6.4.0)
==316015==    by 0x48B8B68: XOpenDisplay (in /usr/lib/x86_64-linux-gnu/libX11.so.6.4.0)
==316015==    by 0x116AC6: mlx_init (in /home/hlichten/Documents/cub3D/cub3d)
==316015==    by 0x110201: create_window (window_creation.c:21)
==316015==    by 0x10FA3C: main (main.c:26)
==316015== 
==316015== 48 bytes in 1 blocks are still reachable in loss record 24 of 110
==316015==    at 0x484DA83: calloc (in /usr/libexec/valgrind/vgpreload_memcheck-amd64-linux.so)
==316015==    by 0x49174C0: XkbGetMap (in /usr/lib/x86_64-linux-gnu/libX11.so.6.4.0)
==316015==    by 0x4917542: ??? (in /usr/lib/x86_64-linux-gnu/libX11.so.6.4.0)
==316015==    by 0x49178AF: XkbKeycodeToKeysym (in /usr/lib/x86_64-linux-gnu/libX11.so.6.4.0)
==316015==    by 0x118657: mlx_int_param_KeyPress (in /home/hlichten/Documents/cub3D/cub3d)
==316015==    by 0x116E75: mlx_loop (in /home/hlichten/Documents/cub3D/cub3d)
==316015==    by 0x10FAD3: main (main.c:31)
==316015== 
==316015== 72 bytes in 1 blocks are still reachable in loss record 25 of 110
==316015==    at 0x484DA83: calloc (in /usr/libexec/valgrind/vgpreload_memcheck-amd64-linux.so)
==316015==    by 0x48B8F20: XOpenDisplay (in /usr/lib/x86_64-linux-gnu/libX11.so.6.4.0)
==316015==    by 0x116AC6: mlx_init (in /home/hlichten/Documents/cub3D/cub3d)
==316015==    by 0x110201: create_window (window_creation.c:21)
==316015==    by 0x10FA3C: main (main.c:26)
==316015== 
==316015== 72 bytes in 1 blocks are still reachable in loss record 26 of 110
==316015==    at 0x484DA83: calloc (in /usr/libexec/valgrind/vgpreload_memcheck-amd64-linux.so)
==316015==    by 0x49174A4: XkbGetMap (in /usr/lib/x86_64-linux-gnu/libX11.so.6.4.0)
==316015==    by 0x4917542: ??? (in /usr/lib/x86_64-linux-gnu/libX11.so.6.4.0)
==316015==    by 0x49178AF: XkbKeycodeToKeysym (in /usr/lib/x86_64-linux-gnu/libX11.so.6.4.0)
==316015==    by 0x118657: mlx_int_param_KeyPress (in /home/hlichten/Documents/cub3D/cub3d)
==316015==    by 0x116E75: mlx_loop (in /home/hlichten/Documents/cub3D/cub3d)
==316015==    by 0x10FAD3: main (main.c:31)
==316015== 
==316015== 88 bytes in 1 blocks are still reachable in loss record 27 of 110
==316015==    at 0x484DA83: calloc (in /usr/libexec/valgrind/vgpreload_memcheck-amd64-linux.so)
==316015==    by 0x11712B: mlx_int_new_xshm_image (in /home/hlichten/Documents/cub3D/cub3d)
==316015==    by 0x117460: mlx_new_image (in /home/hlichten/Documents/cub3D/cub3d)
==316015==    by 0x117D39: mlx_int_parse_xpm (in /home/hlichten/Documents/cub3D/cub3d)
==316015==    by 0x118153: mlx_xpm_file_to_image (in /home/hlichten/Documents/cub3D/cub3d)
==316015==    by 0x11112E: init_opening_screen (opening_screen.c:23)
==316015==    by 0x1102A9: create_window (window_creation.c:29)
==316015==    by 0x10FA3C: main (main.c:26)
==316015== 
==316015== 88 bytes in 1 blocks are still reachable in loss record 28 of 110
==316015==    at 0x484DA83: calloc (in /usr/libexec/valgrind/vgpreload_memcheck-amd64-linux.so)
==316015==    by 0x11712B: mlx_int_new_xshm_image (in /home/hlichten/Documents/cub3D/cub3d)
==316015==    by 0x117460: mlx_new_image (in /home/hlichten/Documents/cub3D/cub3d)
==316015==    by 0x117D39: mlx_int_parse_xpm (in /home/hlichten/Documents/cub3D/cub3d)
==316015==    by 0x118153: mlx_xpm_file_to_image (in /home/hlichten/Documents/cub3D/cub3d)
==316015==    by 0x111181: init_opening_screen (opening_screen.c:27)
==316015==    by 0x1102A9: create_window (window_creation.c:29)
==316015==    by 0x10FA3C: main (main.c:26)
==316015== 
==316015== 88 bytes in 1 blocks are still reachable in loss record 29 of 110
==316015==    at 0x484DA83: calloc (in /usr/libexec/valgrind/vgpreload_memcheck-amd64-linux.so)
==316015==    by 0x11712B: mlx_int_new_xshm_image (in /home/hlichten/Documents/cub3D/cub3d)
==316015==    by 0x117460: mlx_new_image (in /home/hlichten/Documents/cub3D/cub3d)
==316015==    by 0x117D39: mlx_int_parse_xpm (in /home/hlichten/Documents/cub3D/cub3d)
==316015==    by 0x118153: mlx_xpm_file_to_image (in /home/hlichten/Documents/cub3D/cub3d)
==316015==    by 0x1111D4: init_opening_screen (opening_screen.c:31)
==316015==    by 0x1102A9: create_window (window_creation.c:29)
==316015==    by 0x10FA3C: main (main.c:26)
==316015== 
==316015== 88 bytes in 1 blocks are still reachable in loss record 30 of 110
==316015==    at 0x484DA83: calloc (in /usr/libexec/valgrind/vgpreload_memcheck-amd64-linux.so)
==316015==    by 0x11712B: mlx_int_new_xshm_image (in /home/hlichten/Documents/cub3D/cub3d)
==316015==    by 0x117460: mlx_new_image (in /home/hlichten/Documents/cub3D/cub3d)
==316015==    by 0x117D39: mlx_int_parse_xpm (in /home/hlichten/Documents/cub3D/cub3d)
==316015==    by 0x118153: mlx_xpm_file_to_image (in /home/hlichten/Documents/cub3D/cub3d)
==316015==    by 0x112BF7: init_wall (rc_utils.c:59)
==316015==    by 0x112ACF: init_walls (rc_utils.c:39)
==316015==    by 0x1102C3: create_window (window_creation.c:31)
==316015==    by 0x10FA3C: main (main.c:26)
==316015== 
==316015== 88 bytes in 1 blocks are still reachable in loss record 31 of 110
==316015==    at 0x484DA83: calloc (in /usr/libexec/valgrind/vgpreload_memcheck-amd64-linux.so)
==316015==    by 0x11712B: mlx_int_new_xshm_image (in /home/hlichten/Documents/cub3D/cub3d)
==316015==    by 0x117460: mlx_new_image (in /home/hlichten/Documents/cub3D/cub3d)
==316015==    by 0x117D39: mlx_int_parse_xpm (in /home/hlichten/Documents/cub3D/cub3d)
==316015==    by 0x118153: mlx_xpm_file_to_image (in /home/hlichten/Documents/cub3D/cub3d)
==316015==    by 0x112BF7: init_wall (rc_utils.c:59)
==316015==    by 0x112B02: init_walls (rc_utils.c:41)
==316015==    by 0x1102C3: create_window (window_creation.c:31)
==316015==    by 0x10FA3C: main (main.c:26)
==316015== 
==316015== 88 bytes in 1 blocks are still reachable in loss record 32 of 110
==316015==    at 0x484DA83: calloc (in /usr/libexec/valgrind/vgpreload_memcheck-amd64-linux.so)
==316015==    by 0x11712B: mlx_int_new_xshm_image (in /home/hlichten/Documents/cub3D/cub3d)
==316015==    by 0x117460: mlx_new_image (in /home/hlichten/Documents/cub3D/cub3d)
==316015==    by 0x117D39: mlx_int_parse_xpm (in /home/hlichten/Documents/cub3D/cub3d)
==316015==    by 0x118153: mlx_xpm_file_to_image (in /home/hlichten/Documents/cub3D/cub3d)
==316015==    by 0x112BF7: init_wall (rc_utils.c:59)
==316015==    by 0x112B35: init_walls (rc_utils.c:43)
==316015==    by 0x1102C3: create_window (window_creation.c:31)
==316015==    by 0x10FA3C: main (main.c:26)
==316015== 
==316015== 88 bytes in 1 blocks are still reachable in loss record 33 of 110
==316015==    at 0x484DA83: calloc (in /usr/libexec/valgrind/vgpreload_memcheck-amd64-linux.so)
==316015==    by 0x11712B: mlx_int_new_xshm_image (in /home/hlichten/Documents/cub3D/cub3d)
==316015==    by 0x117460: mlx_new_image (in /home/hlichten/Documents/cub3D/cub3d)
==316015==    by 0x117D39: mlx_int_parse_xpm (in /home/hlichten/Documents/cub3D/cub3d)
==316015==    by 0x118153: mlx_xpm_file_to_image (in /home/hlichten/Documents/cub3D/cub3d)
==316015==    by 0x112BF7: init_wall (rc_utils.c:59)
==316015==    by 0x112B65: init_walls (rc_utils.c:45)
==316015==    by 0x1102C3: create_window (window_creation.c:31)
==316015==    by 0x10FA3C: main (main.c:26)
==316015== 
==316015== 88 bytes in 1 blocks are still reachable in loss record 34 of 110
==316015==    at 0x484DA83: calloc (in /usr/libexec/valgrind/vgpreload_memcheck-amd64-linux.so)
==316015==    by 0x11712B: mlx_int_new_xshm_image (in /home/hlichten/Documents/cub3D/cub3d)
==316015==    by 0x117460: mlx_new_image (in /home/hlichten/Documents/cub3D/cub3d)
==316015==    by 0x117D39: mlx_int_parse_xpm (in /home/hlichten/Documents/cub3D/cub3d)
==316015==    by 0x118153: mlx_xpm_file_to_image (in /home/hlichten/Documents/cub3D/cub3d)
==316015==    by 0x112BF7: init_wall (rc_utils.c:59)
==316015==    by 0x112B91: init_walls (rc_utils.c:47)
==316015==    by 0x1102C3: create_window (window_creation.c:31)
==316015==    by 0x10FA3C: main (main.c:26)
==316015== 
==316015== 88 bytes in 1 blocks are still reachable in loss record 35 of 110
==316015==    at 0x484DA83: calloc (in /usr/libexec/valgrind/vgpreload_memcheck-amd64-linux.so)
==316015==    by 0x11712B: mlx_int_new_xshm_image (in /home/hlichten/Documents/cub3D/cub3d)
==316015==    by 0x117460: mlx_new_image (in /home/hlichten/Documents/cub3D/cub3d)
==316015==    by 0x1103D0: init_img (window_creation.c:58)
==316015==    by 0x1102F0: create_window (window_creation.c:33)
==316015==    by 0x10FA3C: main (main.c:26)
==316015== 
==316015== 88 bytes in 1 blocks are still reachable in loss record 36 of 110
==316015==    at 0x484DA83: calloc (in /usr/libexec/valgrind/vgpreload_memcheck-amd64-linux.so)
==316015==    by 0x11712B: mlx_int_new_xshm_image (in /home/hlichten/Documents/cub3D/cub3d)
==316015==    by 0x117460: mlx_new_image (in /home/hlichten/Documents/cub3D/cub3d)
==316015==    by 0x1103D0: init_img (window_creation.c:58)
==316015==    by 0x11031A: create_window (window_creation.c:35)
==316015==    by 0x10FA3C: main (main.c:26)
==316015== 
==316015== 88 bytes in 1 blocks are still reachable in loss record 37 of 110
==316015==    at 0x484DA83: calloc (in /usr/libexec/valgrind/vgpreload_memcheck-amd64-linux.so)
==316015==    by 0x11712B: mlx_int_new_xshm_image (in /home/hlichten/Documents/cub3D/cub3d)
==316015==    by 0x117460: mlx_new_image (in /home/hlichten/Documents/cub3D/cub3d)
==316015==    by 0x1103D0: init_img (window_creation.c:58)
==316015==    by 0x110344: create_window (window_creation.c:37)
==316015==    by 0x10FA3C: main (main.c:26)
==316015== 
==316015== 88 bytes in 1 blocks are still reachable in loss record 38 of 110
==316015==    at 0x484DA83: calloc (in /usr/libexec/valgrind/vgpreload_memcheck-amd64-linux.so)
==316015==    by 0x11712B: mlx_int_new_xshm_image (in /home/hlichten/Documents/cub3D/cub3d)
==316015==    by 0x117460: mlx_new_image (in /home/hlichten/Documents/cub3D/cub3d)
==316015==    by 0x117D39: mlx_int_parse_xpm (in /home/hlichten/Documents/cub3D/cub3d)
==316015==    by 0x118153: mlx_xpm_file_to_image (in /home/hlichten/Documents/cub3D/cub3d)
==316015==    by 0x111650: init_overlays (overlay.c:75)
==316015==    by 0x1113E3: init_ol_sirius (overlay.c:36)
==316015==    by 0x111389: init_overlays_weapons (overlay.c:23)
==316015==    by 0x111287: opening_screen_handle (opening_screen.c:44)
==316015==    by 0x1119C7: key_press (key_handle.c:29)
==316015==    by 0x116E75: mlx_loop (in /home/hlichten/Documents/cub3D/cub3d)
==316015==    by 0x10FAD3: main (main.c:31)
==316015== 
==316015== 88 bytes in 1 blocks are still reachable in loss record 39 of 110
==316015==    at 0x484DA83: calloc (in /usr/libexec/valgrind/vgpreload_memcheck-amd64-linux.so)
==316015==    by 0x11712B: mlx_int_new_xshm_image (in /home/hlichten/Documents/cub3D/cub3d)
==316015==    by 0x117460: mlx_new_image (in /home/hlichten/Documents/cub3D/cub3d)
==316015==    by 0x117D39: mlx_int_parse_xpm (in /home/hlichten/Documents/cub3D/cub3d)
==316015==    by 0x118153: mlx_xpm_file_to_image (in /home/hlichten/Documents/cub3D/cub3d)
==316015==    by 0x111650: init_overlays (overlay.c:75)
==316015==    by 0x11140F: init_ol_sirius (overlay.c:38)
==316015==    by 0x111389: init_overlays_weapons (overlay.c:23)
==316015==    by 0x111287: opening_screen_handle (opening_screen.c:44)
==316015==    by 0x1119C7: key_press (key_handle.c:29)
==316015==    by 0x116E75: mlx_loop (in /home/hlichten/Documents/cub3D/cub3d)
==316015==    by 0x10FAD3: main (main.c:31)
==316015== 
==316015== 88 bytes in 1 blocks are still reachable in loss record 40 of 110
==316015==    at 0x484DA83: calloc (in /usr/libexec/valgrind/vgpreload_memcheck-amd64-linux.so)
==316015==    by 0x11712B: mlx_int_new_xshm_image (in /home/hlichten/Documents/cub3D/cub3d)
==316015==    by 0x117460: mlx_new_image (in /home/hlichten/Documents/cub3D/cub3d)
==316015==    by 0x117D39: mlx_int_parse_xpm (in /home/hlichten/Documents/cub3D/cub3d)
==316015==    by 0x118153: mlx_xpm_file_to_image (in /home/hlichten/Documents/cub3D/cub3d)
==316015==    by 0x111650: init_overlays (overlay.c:75)
==316015==    by 0x11143B: init_ol_sirius (overlay.c:40)
==316015==    by 0x111389: init_overlays_weapons (overlay.c:23)
==316015==    by 0x111287: opening_screen_handle (opening_screen.c:44)
==316015==    by 0x1119C7: key_press (key_handle.c:29)
==316015==    by 0x116E75: mlx_loop (in /home/hlichten/Documents/cub3D/cub3d)
==316015==    by 0x10FAD3: main (main.c:31)
==316015== 
==316015== 88 bytes in 1 blocks are still reachable in loss record 41 of 110
==316015==    at 0x484DA83: calloc (in /usr/libexec/valgrind/vgpreload_memcheck-amd64-linux.so)
==316015==    by 0x11712B: mlx_int_new_xshm_image (in /home/hlichten/Documents/cub3D/cub3d)
==316015==    by 0x117460: mlx_new_image (in /home/hlichten/Documents/cub3D/cub3d)
==316015==    by 0x117D39: mlx_int_parse_xpm (in /home/hlichten/Documents/cub3D/cub3d)
==316015==    by 0x118153: mlx_xpm_file_to_image (in /home/hlichten/Documents/cub3D/cub3d)
==316015==    by 0x111650: init_overlays (overlay.c:75)
==316015==    by 0x111467: init_ol_sirius (overlay.c:42)
==316015==    by 0x111389: init_overlays_weapons (overlay.c:23)
==316015==    by 0x111287: opening_screen_handle (opening_screen.c:44)
==316015==    by 0x1119C7: key_press (key_handle.c:29)
==316015==    by 0x116E75: mlx_loop (in /home/hlichten/Documents/cub3D/cub3d)
==316015==    by 0x10FAD3: main (main.c:31)
==316015== 
==316015== 88 bytes in 1 blocks are still reachable in loss record 42 of 110
==316015==    at 0x484DA83: calloc (in /usr/libexec/valgrind/vgpreload_memcheck-amd64-linux.so)
==316015==    by 0x11712B: mlx_int_new_xshm_image (in /home/hlichten/Documents/cub3D/cub3d)
==316015==    by 0x117460: mlx_new_image (in /home/hlichten/Documents/cub3D/cub3d)
==316015==    by 0x117D39: mlx_int_parse_xpm (in /home/hlichten/Documents/cub3D/cub3d)
==316015==    by 0x118153: mlx_xpm_file_to_image (in /home/hlichten/Documents/cub3D/cub3d)
==316015==    by 0x111650: init_overlays (overlay.c:75)
==316015==    by 0x111493: init_ol_sirius (overlay.c:44)
==316015==    by 0x111389: init_overlays_weapons (overlay.c:23)
==316015==    by 0x111287: opening_screen_handle (opening_screen.c:44)
==316015==    by 0x1119C7: key_press (key_handle.c:29)
==316015==    by 0x116E75: mlx_loop (in /home/hlichten/Documents/cub3D/cub3d)
==316015==    by 0x10FAD3: main (main.c:31)
==316015== 
==316015== 88 bytes in 1 blocks are still reachable in loss record 43 of 110
==316015==    at 0x484DA83: calloc (in /usr/libexec/valgrind/vgpreload_memcheck-amd64-linux.so)
==316015==    by 0x11712B: mlx_int_new_xshm_image (in /home/hlichten/Documents/cub3D/cub3d)
==316015==    by 0x117460: mlx_new_image (in /home/hlichten/Documents/cub3D/cub3d)
==316015==    by 0x117D39: mlx_int_parse_xpm (in /home/hlichten/Documents/cub3D/cub3d)
==316015==    by 0x118153: mlx_xpm_file_to_image (in /home/hlichten/Documents/cub3D/cub3d)
==316015==    by 0x111650: init_overlays (overlay.c:75)
==316015==    by 0x1114BF: init_ol_sirius (overlay.c:46)
==316015==    by 0x111389: init_overlays_weapons (overlay.c:23)
==316015==    by 0x111287: opening_screen_handle (opening_screen.c:44)
==316015==    by 0x1119C7: key_press (key_handle.c:29)
==316015==    by 0x116E75: mlx_loop (in /home/hlichten/Documents/cub3D/cub3d)
==316015==    by 0x10FAD3: main (main.c:31)
==316015== 
==316015== 112 bytes in 1 blocks are still reachable in loss record 44 of 110
==316015==    at 0x484DA83: calloc (in /usr/libexec/valgrind/vgpreload_memcheck-amd64-linux.so)
==316015==    by 0x48C8D72: _XConnectXCB (in /usr/lib/x86_64-linux-gnu/libX11.so.6.4.0)
==316015==    by 0x48B8B68: XOpenDisplay (in /usr/lib/x86_64-linux-gnu/libX11.so.6.4.0)
==316015==    by 0x116AC6: mlx_init (in /home/hlichten/Documents/cub3D/cub3d)
==316015==    by 0x110201: create_window (window_creation.c:21)
==316015==    by 0x10FA3C: main (main.c:26)
==316015== 
==316015== 112 bytes in 1 blocks are still reachable in loss record 45 of 110
==316015==    at 0x484DA83: calloc (in /usr/libexec/valgrind/vgpreload_memcheck-amd64-linux.so)
==316015==    by 0x48B9200: XOpenDisplay (in /usr/lib/x86_64-linux-gnu/libX11.so.6.4.0)
==316015==    by 0x116AC6: mlx_init (in /home/hlichten/Documents/cub3D/cub3d)
==316015==    by 0x110201: create_window (window_creation.c:21)
==316015==    by 0x10FA3C: main (main.c:26)
==316015== 
==316015== 120 bytes in 1 blocks are still reachable in loss record 46 of 110
==316015==    at 0x4848899: malloc (in /usr/libexec/valgrind/vgpreload_memcheck-amd64-linux.so)
==316015==    by 0x1132B0: alloc_map_line (alloc_map.c:20)
==316015==    by 0x11486D: process_map_line (parsing.c:75)
==316015==    by 0x114718: parse_file (parsing.c:44)
==316015==    by 0x114639: parsing (parsing.c:20)
==316015==    by 0x10FA2D: main (main.c:25)
==316015== 
==316015== 128 bytes in 1 blocks are still reachable in loss record 47 of 110
==316015==    at 0x484DA83: calloc (in /usr/libexec/valgrind/vgpreload_memcheck-amd64-linux.so)
==316015==    by 0x48B912E: XOpenDisplay (in /usr/lib/x86_64-linux-gnu/libX11.so.6.4.0)
==316015==    by 0x116AC6: mlx_init (in /home/hlichten/Documents/cub3D/cub3d)
==316015==    by 0x110201: create_window (window_creation.c:21)
==316015==    by 0x10FA3C: main (main.c:26)
==316015== 
==316015== 128 bytes in 1 blocks are still reachable in loss record 48 of 110
==316015==    at 0x484DA83: calloc (in /usr/libexec/valgrind/vgpreload_memcheck-amd64-linux.so)
==316015==    by 0x48B599E: XInitExtension (in /usr/lib/x86_64-linux-gnu/libX11.so.6.4.0)
==316015==    by 0x491F213: XkbUseExtension (in /usr/lib/x86_64-linux-gnu/libX11.so.6.4.0)
==316015==    by 0x48B96A8: XOpenDisplay (in /usr/lib/x86_64-linux-gnu/libX11.so.6.4.0)
==316015==    by 0x116AC6: mlx_init (in /home/hlichten/Documents/cub3D/cub3d)
==316015==    by 0x110201: create_window (window_creation.c:21)
==316015==    by 0x10FA3C: main (main.c:26)
==316015== 
==316015== 128 bytes in 1 blocks are still reachable in loss record 49 of 110
==316015==    at 0x484DA83: calloc (in /usr/libexec/valgrind/vgpreload_memcheck-amd64-linux.so)
==316015==    by 0x48B599E: XInitExtension (in /usr/lib/x86_64-linux-gnu/libX11.so.6.4.0)
==316015==    by 0x487A820: XextAddDisplay (in /usr/lib/x86_64-linux-gnu/libXext.so.6.4.0)
==316015==    by 0x487F9E2: XShmQueryVersion (in /usr/lib/x86_64-linux-gnu/libXext.so.6.4.0)
==316015==    by 0x116903: mlx_int_deal_shm (in /home/hlichten/Documents/cub3D/cub3d)
==316015==    by 0x116B72: mlx_init (in /home/hlichten/Documents/cub3D/cub3d)
==316015==    by 0x110201: create_window (window_creation.c:21)
==316015==    by 0x10FA3C: main (main.c:26)
==316015== 
==316015== 128 bytes in 1 blocks are still reachable in loss record 50 of 110
==316015==    at 0x484DA83: calloc (in /usr/libexec/valgrind/vgpreload_memcheck-amd64-linux.so)
==316015==    by 0x48B599E: XInitExtension (in /usr/lib/x86_64-linux-gnu/libX11.so.6.4.0)
==316015==    by 0x487A820: XextAddDisplay (in /usr/lib/x86_64-linux-gnu/libXext.so.6.4.0)
==316015==    by 0x487A50A: ??? (in /usr/lib/x86_64-linux-gnu/libXext.so.6.4.0)
==316015==    by 0x487A9C8: XextAddDisplay (in /usr/lib/x86_64-linux-gnu/libXext.so.6.4.0)
==316015==    by 0x487F9E2: XShmQueryVersion (in /usr/lib/x86_64-linux-gnu/libXext.so.6.4.0)
==316015==    by 0x116903: mlx_int_deal_shm (in /home/hlichten/Documents/cub3D/cub3d)
==316015==    by 0x116B72: mlx_init (in /home/hlichten/Documents/cub3D/cub3d)
==316015==    by 0x110201: create_window (window_creation.c:21)
==316015==    by 0x10FA3C: main (main.c:26)
==316015== 
==316015== 136 bytes in 1 blocks are still reachable in loss record 51 of 110
==316015==    at 0x4848899: malloc (in /usr/libexec/valgrind/vgpreload_memcheck-amd64-linux.so)
==316015==    by 0x116AAE: mlx_init (in /home/hlichten/Documents/cub3D/cub3d)
==316015==    by 0x110201: create_window (window_creation.c:21)
==316015==    by 0x10FA3C: main (main.c:26)
==316015== 
==316015== 136 bytes in 1 blocks are still reachable in loss record 52 of 110
==316015==    at 0x484DA83: calloc (in /usr/libexec/valgrind/vgpreload_memcheck-amd64-linux.so)
==316015==    by 0x48790C3: XShmCreateImage (in /usr/lib/x86_64-linux-gnu/libXext.so.6.4.0)
==316015==    by 0x11715B: mlx_int_new_xshm_image (in /home/hlichten/Documents/cub3D/cub3d)
==316015==    by 0x117460: mlx_new_image (in /home/hlichten/Documents/cub3D/cub3d)
==316015==    by 0x117D39: mlx_int_parse_xpm (in /home/hlichten/Documents/cub3D/cub3d)
==316015==    by 0x118153: mlx_xpm_file_to_image (in /home/hlichten/Documents/cub3D/cub3d)
==316015==    by 0x11112E: init_opening_screen (opening_screen.c:23)
==316015==    by 0x1102A9: create_window (window_creation.c:29)
==316015==    by 0x10FA3C: main (main.c:26)
==316015== 
==316015== 136 bytes in 1 blocks are still reachable in loss record 53 of 110
==316015==    at 0x484DA83: calloc (in /usr/libexec/valgrind/vgpreload_memcheck-amd64-linux.so)
==316015==    by 0x48790C3: XShmCreateImage (in /usr/lib/x86_64-linux-gnu/libXext.so.6.4.0)
==316015==    by 0x11715B: mlx_int_new_xshm_image (in /home/hlichten/Documents/cub3D/cub3d)
==316015==    by 0x117460: mlx_new_image (in /home/hlichten/Documents/cub3D/cub3d)
==316015==    by 0x117D39: mlx_int_parse_xpm (in /home/hlichten/Documents/cub3D/cub3d)
==316015==    by 0x118153: mlx_xpm_file_to_image (in /home/hlichten/Documents/cub3D/cub3d)
==316015==    by 0x111181: init_opening_screen (opening_screen.c:27)
==316015==    by 0x1102A9: create_window (window_creation.c:29)
==316015==    by 0x10FA3C: main (main.c:26)
==316015== 
==316015== 136 bytes in 1 blocks are still reachable in loss record 54 of 110
==316015==    at 0x484DA83: calloc (in /usr/libexec/valgrind/vgpreload_memcheck-amd64-linux.so)
==316015==    by 0x48790C3: XShmCreateImage (in /usr/lib/x86_64-linux-gnu/libXext.so.6.4.0)
==316015==    by 0x11715B: mlx_int_new_xshm_image (in /home/hlichten/Documents/cub3D/cub3d)
==316015==    by 0x117460: mlx_new_image (in /home/hlichten/Documents/cub3D/cub3d)
==316015==    by 0x117D39: mlx_int_parse_xpm (in /home/hlichten/Documents/cub3D/cub3d)
==316015==    by 0x118153: mlx_xpm_file_to_image (in /home/hlichten/Documents/cub3D/cub3d)
==316015==    by 0x1111D4: init_opening_screen (opening_screen.c:31)
==316015==    by 0x1102A9: create_window (window_creation.c:29)
==316015==    by 0x10FA3C: main (main.c:26)
==316015== 
==316015== 136 bytes in 1 blocks are still reachable in loss record 55 of 110
==316015==    at 0x484DA83: calloc (in /usr/libexec/valgrind/vgpreload_memcheck-amd64-linux.so)
==316015==    by 0x48790C3: XShmCreateImage (in /usr/lib/x86_64-linux-gnu/libXext.so.6.4.0)
==316015==    by 0x11715B: mlx_int_new_xshm_image (in /home/hlichten/Documents/cub3D/cub3d)
==316015==    by 0x117460: mlx_new_image (in /home/hlichten/Documents/cub3D/cub3d)
==316015==    by 0x117D39: mlx_int_parse_xpm (in /home/hlichten/Documents/cub3D/cub3d)
==316015==    by 0x118153: mlx_xpm_file_to_image (in /home/hlichten/Documents/cub3D/cub3d)
==316015==    by 0x112BF7: init_wall (rc_utils.c:59)
==316015==    by 0x112ACF: init_walls (rc_utils.c:39)
==316015==    by 0x1102C3: create_window (window_creation.c:31)
==316015==    by 0x10FA3C: main (main.c:26)
==316015== 
==316015== 136 bytes in 1 blocks are still reachable in loss record 56 of 110
==316015==    at 0x484DA83: calloc (in /usr/libexec/valgrind/vgpreload_memcheck-amd64-linux.so)
==316015==    by 0x48790C3: XShmCreateImage (in /usr/lib/x86_64-linux-gnu/libXext.so.6.4.0)
==316015==    by 0x11715B: mlx_int_new_xshm_image (in /home/hlichten/Documents/cub3D/cub3d)
==316015==    by 0x117460: mlx_new_image (in /home/hlichten/Documents/cub3D/cub3d)
==316015==    by 0x117D39: mlx_int_parse_xpm (in /home/hlichten/Documents/cub3D/cub3d)
==316015==    by 0x118153: mlx_xpm_file_to_image (in /home/hlichten/Documents/cub3D/cub3d)
==316015==    by 0x112BF7: init_wall (rc_utils.c:59)
==316015==    by 0x112B02: init_walls (rc_utils.c:41)
==316015==    by 0x1102C3: create_window (window_creation.c:31)
==316015==    by 0x10FA3C: main (main.c:26)
==316015== 
==316015== 136 bytes in 1 blocks are still reachable in loss record 57 of 110
==316015==    at 0x484DA83: calloc (in /usr/libexec/valgrind/vgpreload_memcheck-amd64-linux.so)
==316015==    by 0x48790C3: XShmCreateImage (in /usr/lib/x86_64-linux-gnu/libXext.so.6.4.0)
==316015==    by 0x11715B: mlx_int_new_xshm_image (in /home/hlichten/Documents/cub3D/cub3d)
==316015==    by 0x117460: mlx_new_image (in /home/hlichten/Documents/cub3D/cub3d)
==316015==    by 0x117D39: mlx_int_parse_xpm (in /home/hlichten/Documents/cub3D/cub3d)
==316015==    by 0x118153: mlx_xpm_file_to_image (in /home/hlichten/Documents/cub3D/cub3d)
==316015==    by 0x112BF7: init_wall (rc_utils.c:59)
==316015==    by 0x112B35: init_walls (rc_utils.c:43)
==316015==    by 0x1102C3: create_window (window_creation.c:31)
==316015==    by 0x10FA3C: main (main.c:26)
==316015== 
==316015== 136 bytes in 1 blocks are still reachable in loss record 58 of 110
==316015==    at 0x484DA83: calloc (in /usr/libexec/valgrind/vgpreload_memcheck-amd64-linux.so)
==316015==    by 0x48790C3: XShmCreateImage (in /usr/lib/x86_64-linux-gnu/libXext.so.6.4.0)
==316015==    by 0x11715B: mlx_int_new_xshm_image (in /home/hlichten/Documents/cub3D/cub3d)
==316015==    by 0x117460: mlx_new_image (in /home/hlichten/Documents/cub3D/cub3d)
==316015==    by 0x117D39: mlx_int_parse_xpm (in /home/hlichten/Documents/cub3D/cub3d)
==316015==    by 0x118153: mlx_xpm_file_to_image (in /home/hlichten/Documents/cub3D/cub3d)
==316015==    by 0x112BF7: init_wall (rc_utils.c:59)
==316015==    by 0x112B65: init_walls (rc_utils.c:45)
==316015==    by 0x1102C3: create_window (window_creation.c:31)
==316015==    by 0x10FA3C: main (main.c:26)
==316015== 
==316015== 136 bytes in 1 blocks are still reachable in loss record 59 of 110
==316015==    at 0x484DA83: calloc (in /usr/libexec/valgrind/vgpreload_memcheck-amd64-linux.so)
==316015==    by 0x48790C3: XShmCreateImage (in /usr/lib/x86_64-linux-gnu/libXext.so.6.4.0)
==316015==    by 0x11715B: mlx_int_new_xshm_image (in /home/hlichten/Documents/cub3D/cub3d)
==316015==    by 0x117460: mlx_new_image (in /home/hlichten/Documents/cub3D/cub3d)
==316015==    by 0x117D39: mlx_int_parse_xpm (in /home/hlichten/Documents/cub3D/cub3d)
==316015==    by 0x118153: mlx_xpm_file_to_image (in /home/hlichten/Documents/cub3D/cub3d)
==316015==    by 0x112BF7: init_wall (rc_utils.c:59)
==316015==    by 0x112B91: init_walls (rc_utils.c:47)
==316015==    by 0x1102C3: create_window (window_creation.c:31)
==316015==    by 0x10FA3C: main (main.c:26)
==316015== 
==316015== 136 bytes in 1 blocks are still reachable in loss record 60 of 110
==316015==    at 0x484DA83: calloc (in /usr/libexec/valgrind/vgpreload_memcheck-amd64-linux.so)
==316015==    by 0x48790C3: XShmCreateImage (in /usr/lib/x86_64-linux-gnu/libXext.so.6.4.0)
==316015==    by 0x11715B: mlx_int_new_xshm_image (in /home/hlichten/Documents/cub3D/cub3d)
==316015==    by 0x117460: mlx_new_image (in /home/hlichten/Documents/cub3D/cub3d)
==316015==    by 0x1103D0: init_img (window_creation.c:58)
==316015==    by 0x1102F0: create_window (window_creation.c:33)
==316015==    by 0x10FA3C: main (main.c:26)
==316015== 
==316015== 136 bytes in 1 blocks are still reachable in loss record 61 of 110
==316015==    at 0x484DA83: calloc (in /usr/libexec/valgrind/vgpreload_memcheck-amd64-linux.so)
==316015==    by 0x48790C3: XShmCreateImage (in /usr/lib/x86_64-linux-gnu/libXext.so.6.4.0)
==316015==    by 0x11715B: mlx_int_new_xshm_image (in /home/hlichten/Documents/cub3D/cub3d)
==316015==    by 0x117460: mlx_new_image (in /home/hlichten/Documents/cub3D/cub3d)
==316015==    by 0x1103D0: init_img (window_creation.c:58)
==316015==    by 0x11031A: create_window (window_creation.c:35)
==316015==    by 0x10FA3C: main (main.c:26)
==316015== 
==316015== 136 bytes in 1 blocks are still reachable in loss record 62 of 110
==316015==    at 0x484DA83: calloc (in /usr/libexec/valgrind/vgpreload_memcheck-amd64-linux.so)
==316015==    by 0x48790C3: XShmCreateImage (in /usr/lib/x86_64-linux-gnu/libXext.so.6.4.0)
==316015==    by 0x11715B: mlx_int_new_xshm_image (in /home/hlichten/Documents/cub3D/cub3d)
==316015==    by 0x117460: mlx_new_image (in /home/hlichten/Documents/cub3D/cub3d)
==316015==    by 0x1103D0: init_img (window_creation.c:58)
==316015==    by 0x110344: create_window (window_creation.c:37)
==316015==    by 0x10FA3C: main (main.c:26)
==316015== 
==316015== 136 bytes in 1 blocks are still reachable in loss record 63 of 110
==316015==    at 0x484DA83: calloc (in /usr/libexec/valgrind/vgpreload_memcheck-amd64-linux.so)
==316015==    by 0x48790C3: XShmCreateImage (in /usr/lib/x86_64-linux-gnu/libXext.so.6.4.0)
==316015==    by 0x11715B: mlx_int_new_xshm_image (in /home/hlichten/Documents/cub3D/cub3d)
==316015==    by 0x117460: mlx_new_image (in /home/hlichten/Documents/cub3D/cub3d)
==316015==    by 0x117D39: mlx_int_parse_xpm (in /home/hlichten/Documents/cub3D/cub3d)
==316015==    by 0x118153: mlx_xpm_file_to_image (in /home/hlichten/Documents/cub3D/cub3d)
==316015==    by 0x111650: init_overlays (overlay.c:75)
==316015==    by 0x1113E3: init_ol_sirius (overlay.c:36)
==316015==    by 0x111389: init_overlays_weapons (overlay.c:23)
==316015==    by 0x111287: opening_screen_handle (opening_screen.c:44)
==316015==    by 0x1119C7: key_press (key_handle.c:29)
==316015==    by 0x116E75: mlx_loop (in /home/hlichten/Documents/cub3D/cub3d)
==316015== 
==316015== 136 bytes in 1 blocks are still reachable in loss record 64 of 110
==316015==    at 0x484DA83: calloc (in /usr/libexec/valgrind/vgpreload_memcheck-amd64-linux.so)
==316015==    by 0x48790C3: XShmCreateImage (in /usr/lib/x86_64-linux-gnu/libXext.so.6.4.0)
==316015==    by 0x11715B: mlx_int_new_xshm_image (in /home/hlichten/Documents/cub3D/cub3d)
==316015==    by 0x117460: mlx_new_image (in /home/hlichten/Documents/cub3D/cub3d)
==316015==    by 0x117D39: mlx_int_parse_xpm (in /home/hlichten/Documents/cub3D/cub3d)
==316015==    by 0x118153: mlx_xpm_file_to_image (in /home/hlichten/Documents/cub3D/cub3d)
==316015==    by 0x111650: init_overlays (overlay.c:75)
==316015==    by 0x11140F: init_ol_sirius (overlay.c:38)
==316015==    by 0x111389: init_overlays_weapons (overlay.c:23)
==316015==    by 0x111287: opening_screen_handle (opening_screen.c:44)
==316015==    by 0x1119C7: key_press (key_handle.c:29)
==316015==    by 0x116E75: mlx_loop (in /home/hlichten/Documents/cub3D/cub3d)
==316015== 
==316015== 136 bytes in 1 blocks are still reachable in loss record 65 of 110
==316015==    at 0x484DA83: calloc (in /usr/libexec/valgrind/vgpreload_memcheck-amd64-linux.so)
==316015==    by 0x48790C3: XShmCreateImage (in /usr/lib/x86_64-linux-gnu/libXext.so.6.4.0)
==316015==    by 0x11715B: mlx_int_new_xshm_image (in /home/hlichten/Documents/cub3D/cub3d)
==316015==    by 0x117460: mlx_new_image (in /home/hlichten/Documents/cub3D/cub3d)
==316015==    by 0x117D39: mlx_int_parse_xpm (in /home/hlichten/Documents/cub3D/cub3d)
==316015==    by 0x118153: mlx_xpm_file_to_image (in /home/hlichten/Documents/cub3D/cub3d)
==316015==    by 0x111650: init_overlays (overlay.c:75)
==316015==    by 0x11143B: init_ol_sirius (overlay.c:40)
==316015==    by 0x111389: init_overlays_weapons (overlay.c:23)
==316015==    by 0x111287: opening_screen_handle (opening_screen.c:44)
==316015==    by 0x1119C7: key_press (key_handle.c:29)
==316015==    by 0x116E75: mlx_loop (in /home/hlichten/Documents/cub3D/cub3d)
==316015== 
==316015== 136 bytes in 1 blocks are still reachable in loss record 66 of 110
==316015==    at 0x484DA83: calloc (in /usr/libexec/valgrind/vgpreload_memcheck-amd64-linux.so)
==316015==    by 0x48790C3: XShmCreateImage (in /usr/lib/x86_64-linux-gnu/libXext.so.6.4.0)
==316015==    by 0x11715B: mlx_int_new_xshm_image (in /home/hlichten/Documents/cub3D/cub3d)
==316015==    by 0x117460: mlx_new_image (in /home/hlichten/Documents/cub3D/cub3d)
==316015==    by 0x117D39: mlx_int_parse_xpm (in /home/hlichten/Documents/cub3D/cub3d)
==316015==    by 0x118153: mlx_xpm_file_to_image (in /home/hlichten/Documents/cub3D/cub3d)
==316015==    by 0x111650: init_overlays (overlay.c:75)
==316015==    by 0x111467: init_ol_sirius (overlay.c:42)
==316015==    by 0x111389: init_overlays_weapons (overlay.c:23)
==316015==    by 0x111287: opening_screen_handle (opening_screen.c:44)
==316015==    by 0x1119C7: key_press (key_handle.c:29)
==316015==    by 0x116E75: mlx_loop (in /home/hlichten/Documents/cub3D/cub3d)
==316015== 
==316015== 136 bytes in 1 blocks are still reachable in loss record 67 of 110
==316015==    at 0x484DA83: calloc (in /usr/libexec/valgrind/vgpreload_memcheck-amd64-linux.so)
==316015==    by 0x48790C3: XShmCreateImage (in /usr/lib/x86_64-linux-gnu/libXext.so.6.4.0)
==316015==    by 0x11715B: mlx_int_new_xshm_image (in /home/hlichten/Documents/cub3D/cub3d)
==316015==    by 0x117460: mlx_new_image (in /home/hlichten/Documents/cub3D/cub3d)
==316015==    by 0x117D39: mlx_int_parse_xpm (in /home/hlichten/Documents/cub3D/cub3d)
==316015==    by 0x118153: mlx_xpm_file_to_image (in /home/hlichten/Documents/cub3D/cub3d)
==316015==    by 0x111650: init_overlays (overlay.c:75)
==316015==    by 0x111493: init_ol_sirius (overlay.c:44)
==316015==    by 0x111389: init_overlays_weapons (overlay.c:23)
==316015==    by 0x111287: opening_screen_handle (opening_screen.c:44)
==316015==    by 0x1119C7: key_press (key_handle.c:29)
==316015==    by 0x116E75: mlx_loop (in /home/hlichten/Documents/cub3D/cub3d)
==316015== 
==316015== 136 bytes in 1 blocks are still reachable in loss record 68 of 110
==316015==    at 0x484DA83: calloc (in /usr/libexec/valgrind/vgpreload_memcheck-amd64-linux.so)
==316015==    by 0x48790C3: XShmCreateImage (in /usr/lib/x86_64-linux-gnu/libXext.so.6.4.0)
==316015==    by 0x11715B: mlx_int_new_xshm_image (in /home/hlichten/Documents/cub3D/cub3d)
==316015==    by 0x117460: mlx_new_image (in /home/hlichten/Documents/cub3D/cub3d)
==316015==    by 0x117D39: mlx_int_parse_xpm (in /home/hlichten/Documents/cub3D/cub3d)
==316015==    by 0x118153: mlx_xpm_file_to_image (in /home/hlichten/Documents/cub3D/cub3d)
==316015==    by 0x111650: init_overlays (overlay.c:75)
==316015==    by 0x1114BF: init_ol_sirius (overlay.c:46)
==316015==    by 0x111389: init_overlays_weapons (overlay.c:23)
==316015==    by 0x111287: opening_screen_handle (opening_screen.c:44)
==316015==    by 0x1119C7: key_press (key_handle.c:29)
==316015==    by 0x116E75: mlx_loop (in /home/hlichten/Documents/cub3D/cub3d)
==316015== 
==316015== 136 bytes in 1 blocks are indirectly lost in loss record 69 of 110
==316015==    at 0x484DA83: calloc (in /usr/libexec/valgrind/vgpreload_memcheck-amd64-linux.so)
==316015==    by 0x48790C3: XShmCreateImage (in /usr/lib/x86_64-linux-gnu/libXext.so.6.4.0)
==316015==    by 0x11715B: mlx_int_new_xshm_image (in /home/hlichten/Documents/cub3D/cub3d)
==316015==    by 0x117460: mlx_new_image (in /home/hlichten/Documents/cub3D/cub3d)
==316015==    by 0x117D39: mlx_int_parse_xpm (in /home/hlichten/Documents/cub3D/cub3d)
==316015==    by 0x118153: mlx_xpm_file_to_image (in /home/hlichten/Documents/cub3D/cub3d)
==316015==    by 0x111650: init_overlays (overlay.c:75)
==316015==    by 0x1113E3: init_ol_sirius (overlay.c:36)
==316015==    by 0x111389: init_overlays_weapons (overlay.c:23)
==316015==    by 0x111287: opening_screen_handle (opening_screen.c:44)
==316015==    by 0x1119C7: key_press (key_handle.c:29)
==316015==    by 0x116E75: mlx_loop (in /home/hlichten/Documents/cub3D/cub3d)
==316015== 
==316015== 136 bytes in 1 blocks are indirectly lost in loss record 70 of 110
==316015==    at 0x484DA83: calloc (in /usr/libexec/valgrind/vgpreload_memcheck-amd64-linux.so)
==316015==    by 0x48790C3: XShmCreateImage (in /usr/lib/x86_64-linux-gnu/libXext.so.6.4.0)
==316015==    by 0x11715B: mlx_int_new_xshm_image (in /home/hlichten/Documents/cub3D/cub3d)
==316015==    by 0x117460: mlx_new_image (in /home/hlichten/Documents/cub3D/cub3d)
==316015==    by 0x117D39: mlx_int_parse_xpm (in /home/hlichten/Documents/cub3D/cub3d)
==316015==    by 0x118153: mlx_xpm_file_to_image (in /home/hlichten/Documents/cub3D/cub3d)
==316015==    by 0x111650: init_overlays (overlay.c:75)
==316015==    by 0x11140F: init_ol_sirius (overlay.c:38)
==316015==    by 0x111389: init_overlays_weapons (overlay.c:23)
==316015==    by 0x111287: opening_screen_handle (opening_screen.c:44)
==316015==    by 0x1119C7: key_press (key_handle.c:29)
==316015==    by 0x116E75: mlx_loop (in /home/hlichten/Documents/cub3D/cub3d)
==316015== 
==316015== 136 bytes in 1 blocks are indirectly lost in loss record 71 of 110
==316015==    at 0x484DA83: calloc (in /usr/libexec/valgrind/vgpreload_memcheck-amd64-linux.so)
==316015==    by 0x48790C3: XShmCreateImage (in /usr/lib/x86_64-linux-gnu/libXext.so.6.4.0)
==316015==    by 0x11715B: mlx_int_new_xshm_image (in /home/hlichten/Documents/cub3D/cub3d)
==316015==    by 0x117460: mlx_new_image (in /home/hlichten/Documents/cub3D/cub3d)
==316015==    by 0x117D39: mlx_int_parse_xpm (in /home/hlichten/Documents/cub3D/cub3d)
==316015==    by 0x118153: mlx_xpm_file_to_image (in /home/hlichten/Documents/cub3D/cub3d)
==316015==    by 0x111650: init_overlays (overlay.c:75)
==316015==    by 0x11143B: init_ol_sirius (overlay.c:40)
==316015==    by 0x111389: init_overlays_weapons (overlay.c:23)
==316015==    by 0x111287: opening_screen_handle (opening_screen.c:44)
==316015==    by 0x1119C7: key_press (key_handle.c:29)
==316015==    by 0x116E75: mlx_loop (in /home/hlichten/Documents/cub3D/cub3d)
==316015== 
==316015== 136 bytes in 1 blocks are indirectly lost in loss record 72 of 110
==316015==    at 0x484DA83: calloc (in /usr/libexec/valgrind/vgpreload_memcheck-amd64-linux.so)
==316015==    by 0x48790C3: XShmCreateImage (in /usr/lib/x86_64-linux-gnu/libXext.so.6.4.0)
==316015==    by 0x11715B: mlx_int_new_xshm_image (in /home/hlichten/Documents/cub3D/cub3d)
==316015==    by 0x117460: mlx_new_image (in /home/hlichten/Documents/cub3D/cub3d)
==316015==    by 0x117D39: mlx_int_parse_xpm (in /home/hlichten/Documents/cub3D/cub3d)
==316015==    by 0x118153: mlx_xpm_file_to_image (in /home/hlichten/Documents/cub3D/cub3d)
==316015==    by 0x111650: init_overlays (overlay.c:75)
==316015==    by 0x111467: init_ol_sirius (overlay.c:42)
==316015==    by 0x111389: init_overlays_weapons (overlay.c:23)
==316015==    by 0x111287: opening_screen_handle (opening_screen.c:44)
==316015==    by 0x1119C7: key_press (key_handle.c:29)
==316015==    by 0x116E75: mlx_loop (in /home/hlichten/Documents/cub3D/cub3d)
==316015== 
==316015== 136 bytes in 1 blocks are indirectly lost in loss record 73 of 110
==316015==    at 0x484DA83: calloc (in /usr/libexec/valgrind/vgpreload_memcheck-amd64-linux.so)
==316015==    by 0x48790C3: XShmCreateImage (in /usr/lib/x86_64-linux-gnu/libXext.so.6.4.0)
==316015==    by 0x11715B: mlx_int_new_xshm_image (in /home/hlichten/Documents/cub3D/cub3d)
==316015==    by 0x117460: mlx_new_image (in /home/hlichten/Documents/cub3D/cub3d)
==316015==    by 0x117D39: mlx_int_parse_xpm (in /home/hlichten/Documents/cub3D/cub3d)
==316015==    by 0x118153: mlx_xpm_file_to_image (in /home/hlichten/Documents/cub3D/cub3d)
==316015==    by 0x111650: init_overlays (overlay.c:75)
==316015==    by 0x111493: init_ol_sirius (overlay.c:44)
==316015==    by 0x111389: init_overlays_weapons (overlay.c:23)
==316015==    by 0x111287: opening_screen_handle (opening_screen.c:44)
==316015==    by 0x1119C7: key_press (key_handle.c:29)
==316015==    by 0x116E75: mlx_loop (in /home/hlichten/Documents/cub3D/cub3d)
==316015== 
==316015== 136 bytes in 1 blocks are indirectly lost in loss record 74 of 110
==316015==    at 0x484DA83: calloc (in /usr/libexec/valgrind/vgpreload_memcheck-amd64-linux.so)
==316015==    by 0x48790C3: XShmCreateImage (in /usr/lib/x86_64-linux-gnu/libXext.so.6.4.0)
==316015==    by 0x11715B: mlx_int_new_xshm_image (in /home/hlichten/Documents/cub3D/cub3d)
==316015==    by 0x117460: mlx_new_image (in /home/hlichten/Documents/cub3D/cub3d)
==316015==    by 0x117D39: mlx_int_parse_xpm (in /home/hlichten/Documents/cub3D/cub3d)
==316015==    by 0x118153: mlx_xpm_file_to_image (in /home/hlichten/Documents/cub3D/cub3d)
==316015==    by 0x111650: init_overlays (overlay.c:75)
==316015==    by 0x1114BF: init_ol_sirius (overlay.c:46)
==316015==    by 0x111389: init_overlays_weapons (overlay.c:23)
==316015==    by 0x111287: opening_screen_handle (opening_screen.c:44)
==316015==    by 0x1119C7: key_press (key_handle.c:29)
==316015==    by 0x116E75: mlx_loop (in /home/hlichten/Documents/cub3D/cub3d)
==316015== 
==316015== 150 bytes in 1 blocks are still reachable in loss record 75 of 110
==316015==    at 0x4848899: malloc (in /usr/libexec/valgrind/vgpreload_memcheck-amd64-linux.so)
==316015==    by 0x48B9710: XOpenDisplay (in /usr/lib/x86_64-linux-gnu/libX11.so.6.4.0)
==316015==    by 0x116AC6: mlx_init (in /home/hlichten/Documents/cub3D/cub3d)
==316015==    by 0x110201: create_window (window_creation.c:21)
==316015==    by 0x10FA3C: main (main.c:26)
==316015== 
==316015== 152 bytes in 1 blocks are still reachable in loss record 76 of 110
==316015==    at 0x484DA83: calloc (in /usr/libexec/valgrind/vgpreload_memcheck-amd64-linux.so)
==316015==    by 0x491F40E: XkbUseExtension (in /usr/lib/x86_64-linux-gnu/libX11.so.6.4.0)
==316015==    by 0x48B96A8: XOpenDisplay (in /usr/lib/x86_64-linux-gnu/libX11.so.6.4.0)
==316015==    by 0x116AC6: mlx_init (in /home/hlichten/Documents/cub3D/cub3d)
==316015==    by 0x110201: create_window (window_creation.c:21)
==316015==    by 0x10FA3C: main (main.c:26)
==316015== 
==316015== 160 bytes in 1 blocks are still reachable in loss record 77 of 110
==316015==    at 0x4848899: malloc (in /usr/libexec/valgrind/vgpreload_memcheck-amd64-linux.so)
==316015==    by 0x48A79EF: XCreateGC (in /usr/lib/x86_64-linux-gnu/libX11.so.6.4.0)
==316015==    by 0x48B95A4: XOpenDisplay (in /usr/lib/x86_64-linux-gnu/libX11.so.6.4.0)
==316015==    by 0x116AC6: mlx_init (in /home/hlichten/Documents/cub3D/cub3d)
==316015==    by 0x110201: create_window (window_creation.c:21)
==316015==    by 0x10FA3C: main (main.c:26)
==316015== 
==316015== 160 bytes in 1 blocks are still reachable in loss record 78 of 110
==316015==    at 0x4848899: malloc (in /usr/libexec/valgrind/vgpreload_memcheck-amd64-linux.so)
==316015==    by 0x48A79EF: XCreateGC (in /usr/lib/x86_64-linux-gnu/libX11.so.6.4.0)
==316015==    by 0x116CD9: mlx_new_window (in /home/hlichten/Documents/cub3D/cub3d)
==316015==    by 0x110260: create_window (window_creation.c:24)
==316015==    by 0x10FA3C: main (main.c:26)
==316015== 
==316015== 168 bytes in 1 blocks are still reachable in loss record 79 of 110
==316015==    at 0x484DA83: calloc (in /usr/libexec/valgrind/vgpreload_memcheck-amd64-linux.so)
==316015==    by 0x48B90B2: XOpenDisplay (in /usr/lib/x86_64-linux-gnu/libX11.so.6.4.0)
==316015==    by 0x116AC6: mlx_init (in /home/hlichten/Documents/cub3D/cub3d)
==316015==    by 0x110201: create_window (window_creation.c:21)
==316015==    by 0x10FA3C: main (main.c:26)
==316015== 
==316015== 208 bytes in 1 blocks are still reachable in loss record 80 of 110
==316015==    at 0x4848899: malloc (in /usr/libexec/valgrind/vgpreload_memcheck-amd64-linux.so)
==316015==    by 0x4878AE9: ??? (in /usr/lib/x86_64-linux-gnu/libXext.so.6.4.0)
==316015==    by 0x487A9DF: XextAddDisplay (in /usr/lib/x86_64-linux-gnu/libXext.so.6.4.0)
==316015==    by 0x487F9E2: XShmQueryVersion (in /usr/lib/x86_64-linux-gnu/libXext.so.6.4.0)
==316015==    by 0x116903: mlx_int_deal_shm (in /home/hlichten/Documents/cub3D/cub3d)
==316015==    by 0x116B72: mlx_init (in /home/hlichten/Documents/cub3D/cub3d)
==316015==    by 0x110201: create_window (window_creation.c:21)
==316015==    by 0x10FA3C: main (main.c:26)
==316015== 
==316015== 208 bytes in 1 blocks are still reachable in loss record 81 of 110
==316015==    at 0x4848899: malloc (in /usr/libexec/valgrind/vgpreload_memcheck-amd64-linux.so)
==316015==    by 0x48CAFAE: _XEnq (in /usr/lib/x86_64-linux-gnu/libX11.so.6.4.0)
==316015==    by 0x48CDBB6: ??? (in /usr/lib/x86_64-linux-gnu/libX11.so.6.4.0)
==316015==    by 0x48CEEC0: _XReadEvents (in /usr/lib/x86_64-linux-gnu/libX11.so.6.4.0)
==316015==    by 0x48CF205: XWindowEvent (in /usr/lib/x86_64-linux-gnu/libX11.so.6.4.0)
==316015==    by 0x116FD5: mlx_int_wait_first_expose (in /home/hlichten/Documents/cub3D/cub3d)
==316015==    by 0x116D15: mlx_new_window (in /home/hlichten/Documents/cub3D/cub3d)
==316015==    by 0x110260: create_window (window_creation.c:24)
==316015==    by 0x10FA3C: main (main.c:26)
==316015== 
==316015== 208 bytes in 1 blocks are still reachable in loss record 82 of 110
==316015==    at 0x4848899: malloc (in /usr/libexec/valgrind/vgpreload_memcheck-amd64-linux.so)
==316015==    by 0x48CAFAE: _XEnq (in /usr/lib/x86_64-linux-gnu/libX11.so.6.4.0)
==316015==    by 0x48CDBB6: ??? (in /usr/lib/x86_64-linux-gnu/libX11.so.6.4.0)
==316015==    by 0x48CEEC0: _XReadEvents (in /usr/lib/x86_64-linux-gnu/libX11.so.6.4.0)
==316015==    by 0x48CF1D0: XWindowEvent (in /usr/lib/x86_64-linux-gnu/libX11.so.6.4.0)
==316015==    by 0x116FD5: mlx_int_wait_first_expose (in /home/hlichten/Documents/cub3D/cub3d)
==316015==    by 0x116D15: mlx_new_window (in /home/hlichten/Documents/cub3D/cub3d)
==316015==    by 0x110260: create_window (window_creation.c:24)
==316015==    by 0x10FA3C: main (main.c:26)
==316015== 
==316015== 208 bytes in 1 blocks are still reachable in loss record 83 of 110
==316015==    at 0x4848899: malloc (in /usr/libexec/valgrind/vgpreload_memcheck-amd64-linux.so)
==316015==    by 0x48CAFAE: _XEnq (in /usr/lib/x86_64-linux-gnu/libX11.so.6.4.0)
==316015==    by 0x48CDBB6: ??? (in /usr/lib/x86_64-linux-gnu/libX11.so.6.4.0)
==316015==    by 0x48CF40C: _XReply (in /usr/lib/x86_64-linux-gnu/libX11.so.6.4.0)
==316015==    by 0x48CF77E: XSync (in /usr/lib/x86_64-linux-gnu/libX11.so.6.4.0)
==316015==    by 0x117218: mlx_int_new_xshm_image (in /home/hlichten/Documents/cub3D/cub3d)
==316015==    by 0x117460: mlx_new_image (in /home/hlichten/Documents/cub3D/cub3d)
==316015==    by 0x117D39: mlx_int_parse_xpm (in /home/hlichten/Documents/cub3D/cub3d)
==316015==    by 0x118153: mlx_xpm_file_to_image (in /home/hlichten/Documents/cub3D/cub3d)
==316015==    by 0x112BF7: init_wall (rc_utils.c:59)
==316015==    by 0x112ACF: init_walls (rc_utils.c:39)
==316015==    by 0x1102C3: create_window (window_creation.c:31)
==316015== 
==316015== 208 bytes in 1 blocks are still reachable in loss record 84 of 110
==316015==    at 0x4848899: malloc (in /usr/libexec/valgrind/vgpreload_memcheck-amd64-linux.so)
==316015==    by 0x48CAFAE: _XEnq (in /usr/lib/x86_64-linux-gnu/libX11.so.6.4.0)
==316015==    by 0x48CDBB6: ??? (in /usr/lib/x86_64-linux-gnu/libX11.so.6.4.0)
==316015==    by 0x48CF40C: _XReply (in /usr/lib/x86_64-linux-gnu/libX11.so.6.4.0)
==316015==    by 0x48CF77E: XSync (in /usr/lib/x86_64-linux-gnu/libX11.so.6.4.0)
==316015==    by 0x117218: mlx_int_new_xshm_image (in /home/hlichten/Documents/cub3D/cub3d)
==316015==    by 0x117460: mlx_new_image (in /home/hlichten/Documents/cub3D/cub3d)
==316015==    by 0x117D39: mlx_int_parse_xpm (in /home/hlichten/Documents/cub3D/cub3d)
==316015==    by 0x118153: mlx_xpm_file_to_image (in /home/hlichten/Documents/cub3D/cub3d)
==316015==    by 0x112BF7: init_wall (rc_utils.c:59)
==316015==    by 0x112B91: init_walls (rc_utils.c:47)
==316015==    by 0x1102C3: create_window (window_creation.c:31)
==316015== 
==316015== 224 (88 direct, 136 indirect) bytes in 1 blocks are definitely lost in loss record 85 of 110
==316015==    at 0x484DA83: calloc (in /usr/libexec/valgrind/vgpreload_memcheck-amd64-linux.so)
==316015==    by 0x11712B: mlx_int_new_xshm_image (in /home/hlichten/Documents/cub3D/cub3d)
==316015==    by 0x117460: mlx_new_image (in /home/hlichten/Documents/cub3D/cub3d)
==316015==    by 0x117D39: mlx_int_parse_xpm (in /home/hlichten/Documents/cub3D/cub3d)
==316015==    by 0x118153: mlx_xpm_file_to_image (in /home/hlichten/Documents/cub3D/cub3d)
==316015==    by 0x111650: init_overlays (overlay.c:75)
==316015==    by 0x1113E3: init_ol_sirius (overlay.c:36)
==316015==    by 0x111389: init_overlays_weapons (overlay.c:23)
==316015==    by 0x111287: opening_screen_handle (opening_screen.c:44)
==316015==    by 0x1119C7: key_press (key_handle.c:29)
==316015==    by 0x116E75: mlx_loop (in /home/hlichten/Documents/cub3D/cub3d)
==316015==    by 0x10FAD3: main (main.c:31)
==316015== 
==316015== 224 (88 direct, 136 indirect) bytes in 1 blocks are definitely lost in loss record 86 of 110
==316015==    at 0x484DA83: calloc (in /usr/libexec/valgrind/vgpreload_memcheck-amd64-linux.so)
==316015==    by 0x11712B: mlx_int_new_xshm_image (in /home/hlichten/Documents/cub3D/cub3d)
==316015==    by 0x117460: mlx_new_image (in /home/hlichten/Documents/cub3D/cub3d)
==316015==    by 0x117D39: mlx_int_parse_xpm (in /home/hlichten/Documents/cub3D/cub3d)
==316015==    by 0x118153: mlx_xpm_file_to_image (in /home/hlichten/Documents/cub3D/cub3d)
==316015==    by 0x111650: init_overlays (overlay.c:75)
==316015==    by 0x11140F: init_ol_sirius (overlay.c:38)
==316015==    by 0x111389: init_overlays_weapons (overlay.c:23)
==316015==    by 0x111287: opening_screen_handle (opening_screen.c:44)
==316015==    by 0x1119C7: key_press (key_handle.c:29)
==316015==    by 0x116E75: mlx_loop (in /home/hlichten/Documents/cub3D/cub3d)
==316015==    by 0x10FAD3: main (main.c:31)
==316015== 
==316015== 224 (88 direct, 136 indirect) bytes in 1 blocks are definitely lost in loss record 87 of 110
==316015==    at 0x484DA83: calloc (in /usr/libexec/valgrind/vgpreload_memcheck-amd64-linux.so)
==316015==    by 0x11712B: mlx_int_new_xshm_image (in /home/hlichten/Documents/cub3D/cub3d)
==316015==    by 0x117460: mlx_new_image (in /home/hlichten/Documents/cub3D/cub3d)
==316015==    by 0x117D39: mlx_int_parse_xpm (in /home/hlichten/Documents/cub3D/cub3d)
==316015==    by 0x118153: mlx_xpm_file_to_image (in /home/hlichten/Documents/cub3D/cub3d)
==316015==    by 0x111650: init_overlays (overlay.c:75)
==316015==    by 0x11143B: init_ol_sirius (overlay.c:40)
==316015==    by 0x111389: init_overlays_weapons (overlay.c:23)
==316015==    by 0x111287: opening_screen_handle (opening_screen.c:44)
==316015==    by 0x1119C7: key_press (key_handle.c:29)
==316015==    by 0x116E75: mlx_loop (in /home/hlichten/Documents/cub3D/cub3d)
==316015==    by 0x10FAD3: main (main.c:31)
==316015== 
==316015== 224 (88 direct, 136 indirect) bytes in 1 blocks are definitely lost in loss record 88 of 110
==316015==    at 0x484DA83: calloc (in /usr/libexec/valgrind/vgpreload_memcheck-amd64-linux.so)
==316015==    by 0x11712B: mlx_int_new_xshm_image (in /home/hlichten/Documents/cub3D/cub3d)
==316015==    by 0x117460: mlx_new_image (in /home/hlichten/Documents/cub3D/cub3d)
==316015==    by 0x117D39: mlx_int_parse_xpm (in /home/hlichten/Documents/cub3D/cub3d)
==316015==    by 0x118153: mlx_xpm_file_to_image (in /home/hlichten/Documents/cub3D/cub3d)
==316015==    by 0x111650: init_overlays (overlay.c:75)
==316015==    by 0x111467: init_ol_sirius (overlay.c:42)
==316015==    by 0x111389: init_overlays_weapons (overlay.c:23)
==316015==    by 0x111287: opening_screen_handle (opening_screen.c:44)
==316015==    by 0x1119C7: key_press (key_handle.c:29)
==316015==    by 0x116E75: mlx_loop (in /home/hlichten/Documents/cub3D/cub3d)
==316015==    by 0x10FAD3: main (main.c:31)
==316015== 
==316015== 224 (88 direct, 136 indirect) bytes in 1 blocks are definitely lost in loss record 89 of 110
==316015==    at 0x484DA83: calloc (in /usr/libexec/valgrind/vgpreload_memcheck-amd64-linux.so)
==316015==    by 0x11712B: mlx_int_new_xshm_image (in /home/hlichten/Documents/cub3D/cub3d)
==316015==    by 0x117460: mlx_new_image (in /home/hlichten/Documents/cub3D/cub3d)
==316015==    by 0x117D39: mlx_int_parse_xpm (in /home/hlichten/Documents/cub3D/cub3d)
==316015==    by 0x118153: mlx_xpm_file_to_image (in /home/hlichten/Documents/cub3D/cub3d)
==316015==    by 0x111650: init_overlays (overlay.c:75)
==316015==    by 0x111493: init_ol_sirius (overlay.c:44)
==316015==    by 0x111389: init_overlays_weapons (overlay.c:23)
==316015==    by 0x111287: opening_screen_handle (opening_screen.c:44)
==316015==    by 0x1119C7: key_press (key_handle.c:29)
==316015==    by 0x116E75: mlx_loop (in /home/hlichten/Documents/cub3D/cub3d)
==316015==    by 0x10FAD3: main (main.c:31)
==316015== 
==316015== 224 (88 direct, 136 indirect) bytes in 1 blocks are definitely lost in loss record 90 of 110
==316015==    at 0x484DA83: calloc (in /usr/libexec/valgrind/vgpreload_memcheck-amd64-linux.so)
==316015==    by 0x11712B: mlx_int_new_xshm_image (in /home/hlichten/Documents/cub3D/cub3d)
==316015==    by 0x117460: mlx_new_image (in /home/hlichten/Documents/cub3D/cub3d)
==316015==    by 0x117D39: mlx_int_parse_xpm (in /home/hlichten/Documents/cub3D/cub3d)
==316015==    by 0x118153: mlx_xpm_file_to_image (in /home/hlichten/Documents/cub3D/cub3d)
==316015==    by 0x111650: init_overlays (overlay.c:75)
==316015==    by 0x1114BF: init_ol_sirius (overlay.c:46)
==316015==    by 0x111389: init_overlays_weapons (overlay.c:23)
==316015==    by 0x111287: opening_screen_handle (opening_screen.c:44)
==316015==    by 0x1119C7: key_press (key_handle.c:29)
==316015==    by 0x116E75: mlx_loop (in /home/hlichten/Documents/cub3D/cub3d)
==316015==    by 0x10FAD3: main (main.c:31)
==316015== 
==316015== 256 bytes in 1 blocks are still reachable in loss record 91 of 110
==316015==    at 0x484DA83: calloc (in /usr/libexec/valgrind/vgpreload_memcheck-amd64-linux.so)
==316015==    by 0x491C55D: XkbAllocClientMap (in /usr/lib/x86_64-linux-gnu/libX11.so.6.4.0)
==316015==    by 0x49170DE: _XkbReadGetMapReply (in /usr/lib/x86_64-linux-gnu/libX11.so.6.4.0)
==316015==    by 0x491741E: XkbGetUpdatedMap (in /usr/lib/x86_64-linux-gnu/libX11.so.6.4.0)
==316015==    by 0x49174F4: XkbGetMap (in /usr/lib/x86_64-linux-gnu/libX11.so.6.4.0)
==316015==    by 0x4917542: ??? (in /usr/lib/x86_64-linux-gnu/libX11.so.6.4.0)
==316015==    by 0x49178AF: XkbKeycodeToKeysym (in /usr/lib/x86_64-linux-gnu/libX11.so.6.4.0)
==316015==    by 0x118657: mlx_int_param_KeyPress (in /home/hlichten/Documents/cub3D/cub3d)
==316015==    by 0x116E75: mlx_loop (in /home/hlichten/Documents/cub3D/cub3d)
==316015==    by 0x10FAD3: main (main.c:31)
==316015== 
==316015== 344 bytes in 6 blocks are still reachable in loss record 92 of 110
==316015==    at 0x484DA83: calloc (in /usr/libexec/valgrind/vgpreload_memcheck-amd64-linux.so)
==316015==    by 0x49168F5: _XkbReadGetMapReply (in /usr/lib/x86_64-linux-gnu/libX11.so.6.4.0)
==316015==    by 0x491741E: XkbGetUpdatedMap (in /usr/lib/x86_64-linux-gnu/libX11.so.6.4.0)
==316015==    by 0x49174F4: XkbGetMap (in /usr/lib/x86_64-linux-gnu/libX11.so.6.4.0)
==316015==    by 0x4917542: ??? (in /usr/lib/x86_64-linux-gnu/libX11.so.6.4.0)
==316015==    by 0x49178AF: XkbKeycodeToKeysym (in /usr/lib/x86_64-linux-gnu/libX11.so.6.4.0)
==316015==    by 0x118657: mlx_int_param_KeyPress (in /home/hlichten/Documents/cub3D/cub3d)
==316015==    by 0x116E75: mlx_loop (in /home/hlichten/Documents/cub3D/cub3d)
==316015==    by 0x10FAD3: main (main.c:31)
==316015== 
==316015== 416 bytes in 2 blocks are still reachable in loss record 93 of 110
==316015==    at 0x4848899: malloc (in /usr/libexec/valgrind/vgpreload_memcheck-amd64-linux.so)
==316015==    by 0x48CAFAE: _XEnq (in /usr/lib/x86_64-linux-gnu/libX11.so.6.4.0)
==316015==    by 0x48CDBB6: ??? (in /usr/lib/x86_64-linux-gnu/libX11.so.6.4.0)
==316015==    by 0x48CF40C: _XReply (in /usr/lib/x86_64-linux-gnu/libX11.so.6.4.0)
==316015==    by 0x48CF77E: XSync (in /usr/lib/x86_64-linux-gnu/libX11.so.6.4.0)
==316015==    by 0x117218: mlx_int_new_xshm_image (in /home/hlichten/Documents/cub3D/cub3d)
==316015==    by 0x117460: mlx_new_image (in /home/hlichten/Documents/cub3D/cub3d)
==316015==    by 0x117D39: mlx_int_parse_xpm (in /home/hlichten/Documents/cub3D/cub3d)
==316015==    by 0x118153: mlx_xpm_file_to_image (in /home/hlichten/Documents/cub3D/cub3d)
==316015==    by 0x112BF7: init_wall (rc_utils.c:59)
==316015==    by 0x112B35: init_walls (rc_utils.c:43)
==316015==    by 0x1102C3: create_window (window_creation.c:31)
==316015== 
==316015== 416 bytes in 2 blocks are still reachable in loss record 94 of 110
==316015==    at 0x4848899: malloc (in /usr/libexec/valgrind/vgpreload_memcheck-amd64-linux.so)
==316015==    by 0x48CAFAE: _XEnq (in /usr/lib/x86_64-linux-gnu/libX11.so.6.4.0)
==316015==    by 0x48CDBB6: ??? (in /usr/lib/x86_64-linux-gnu/libX11.so.6.4.0)
==316015==    by 0x48CF40C: _XReply (in /usr/lib/x86_64-linux-gnu/libX11.so.6.4.0)
==316015==    by 0x48CF77E: XSync (in /usr/lib/x86_64-linux-gnu/libX11.so.6.4.0)
==316015==    by 0x117218: mlx_int_new_xshm_image (in /home/hlichten/Documents/cub3D/cub3d)
==316015==    by 0x117460: mlx_new_image (in /home/hlichten/Documents/cub3D/cub3d)
==316015==    by 0x1103D0: init_img (window_creation.c:58)
==316015==    by 0x1102F0: create_window (window_creation.c:33)
==316015==    by 0x10FA3C: main (main.c:26)
==316015== 
==316015== 445 bytes in 14 blocks are still reachable in loss record 95 of 110
==316015==    at 0x4848899: malloc (in /usr/libexec/valgrind/vgpreload_memcheck-amd64-linux.so)
==316015==    by 0x1162C9: ft_strdup (ft_strdup.c:23)
==316015==    by 0x1133C0: dup_map (alloc_map.c:42)
==316015==    by 0x113343: alloc_map_line (alloc_map.c:33)
==316015==    by 0x11486D: process_map_line (parsing.c:75)
==316015==    by 0x114718: parse_file (parsing.c:44)
==316015==    by 0x114639: parsing (parsing.c:20)
==316015==    by 0x10FA2D: main (main.c:25)
==316015== 
==316015== 512 bytes in 1 blocks are still reachable in loss record 96 of 110
==316015==    at 0x484DA83: calloc (in /usr/libexec/valgrind/vgpreload_memcheck-amd64-linux.so)
==316015==    by 0x48B446A: ??? (in /usr/lib/x86_64-linux-gnu/libX11.so.6.4.0)
==316015==    by 0x48B484E: XInternAtom (in /usr/lib/x86_64-linux-gnu/libX11.so.6.4.0)
==316015==    by 0x116B4F: mlx_init (in /home/hlichten/Documents/cub3D/cub3d)
==316015==    by 0x110201: create_window (window_creation.c:21)
==316015==    by 0x10FA3C: main (main.c:26)
==316015== 
==316015== 624 bytes in 3 blocks are still reachable in loss record 97 of 110
==316015==    at 0x4848899: malloc (in /usr/libexec/valgrind/vgpreload_memcheck-amd64-linux.so)
==316015==    by 0x48CAFAE: _XEnq (in /usr/lib/x86_64-linux-gnu/libX11.so.6.4.0)
==316015==    by 0x48CDBB6: ??? (in /usr/lib/x86_64-linux-gnu/libX11.so.6.4.0)
==316015==    by 0x48CF40C: _XReply (in /usr/lib/x86_64-linux-gnu/libX11.so.6.4.0)
==316015==    by 0x48CF77E: XSync (in /usr/lib/x86_64-linux-gnu/libX11.so.6.4.0)
==316015==    by 0x117218: mlx_int_new_xshm_image (in /home/hlichten/Documents/cub3D/cub3d)
==316015==    by 0x117460: mlx_new_image (in /home/hlichten/Documents/cub3D/cub3d)
==316015==    by 0x117D39: mlx_int_parse_xpm (in /home/hlichten/Documents/cub3D/cub3d)
==316015==    by 0x118153: mlx_xpm_file_to_image (in /home/hlichten/Documents/cub3D/cub3d)
==316015==    by 0x1111D4: init_opening_screen (opening_screen.c:31)
==316015==    by 0x1102A9: create_window (window_creation.c:29)
==316015==    by 0x10FA3C: main (main.c:26)
==316015== 
==316015== 832 bytes in 4 blocks are still reachable in loss record 98 of 110
==316015==    at 0x4848899: malloc (in /usr/libexec/valgrind/vgpreload_memcheck-amd64-linux.so)
==316015==    by 0x48CAFAE: _XEnq (in /usr/lib/x86_64-linux-gnu/libX11.so.6.4.0)
==316015==    by 0x48CDBB6: ??? (in /usr/lib/x86_64-linux-gnu/libX11.so.6.4.0)
==316015==    by 0x48CF40C: _XReply (in /usr/lib/x86_64-linux-gnu/libX11.so.6.4.0)
==316015==    by 0x48CF77E: XSync (in /usr/lib/x86_64-linux-gnu/libX11.so.6.4.0)
==316015==    by 0x117218: mlx_int_new_xshm_image (in /home/hlichten/Documents/cub3D/cub3d)
==316015==    by 0x117460: mlx_new_image (in /home/hlichten/Documents/cub3D/cub3d)
==316015==    by 0x117D39: mlx_int_parse_xpm (in /home/hlichten/Documents/cub3D/cub3d)
==316015==    by 0x118153: mlx_xpm_file_to_image (in /home/hlichten/Documents/cub3D/cub3d)
==316015==    by 0x11112E: init_opening_screen (opening_screen.c:23)
==316015==    by 0x1102A9: create_window (window_creation.c:29)
==316015==    by 0x10FA3C: main (main.c:26)
==316015== 
==316015== 936 bytes in 1 blocks are still reachable in loss record 99 of 110
==316015==    at 0x4848899: malloc (in /usr/libexec/valgrind/vgpreload_memcheck-amd64-linux.so)
==316015==    by 0x116C3F: mlx_new_window (in /home/hlichten/Documents/cub3D/cub3d)
==316015==    by 0x110260: create_window (window_creation.c:24)
==316015==    by 0x10FA3C: main (main.c:26)
==316015== 
==316015== 1,120 bytes in 1 blocks are still reachable in loss record 100 of 110
==316015==    at 0x484DA83: calloc (in /usr/libexec/valgrind/vgpreload_memcheck-amd64-linux.so)
==316015==    by 0x491C619: XkbAllocClientMap (in /usr/lib/x86_64-linux-gnu/libX11.so.6.4.0)
==316015==    by 0x4916EB7: _XkbReadGetMapReply (in /usr/lib/x86_64-linux-gnu/libX11.so.6.4.0)
==316015==    by 0x491741E: XkbGetUpdatedMap (in /usr/lib/x86_64-linux-gnu/libX11.so.6.4.0)
==316015==    by 0x49174F4: XkbGetMap (in /usr/lib/x86_64-linux-gnu/libX11.so.6.4.0)
==316015==    by 0x4917542: ??? (in /usr/lib/x86_64-linux-gnu/libX11.so.6.4.0)
==316015==    by 0x49178AF: XkbKeycodeToKeysym (in /usr/lib/x86_64-linux-gnu/libX11.so.6.4.0)
==316015==    by 0x118657: mlx_int_param_KeyPress (in /home/hlichten/Documents/cub3D/cub3d)
==316015==    by 0x116E75: mlx_loop (in /home/hlichten/Documents/cub3D/cub3d)
==316015==    by 0x10FAD3: main (main.c:31)
==316015== 
==316015== 1,456 bytes in 7 blocks are still reachable in loss record 101 of 110
==316015==    at 0x4848899: malloc (in /usr/libexec/valgrind/vgpreload_memcheck-amd64-linux.so)
==316015==    by 0x48CAFAE: _XEnq (in /usr/lib/x86_64-linux-gnu/libX11.so.6.4.0)
==316015==    by 0x48CDBB6: ??? (in /usr/lib/x86_64-linux-gnu/libX11.so.6.4.0)
==316015==    by 0x48CEF01: _XReadEvents (in /usr/lib/x86_64-linux-gnu/libX11.so.6.4.0)
==316015==    by 0x48CF1D0: XWindowEvent (in /usr/lib/x86_64-linux-gnu/libX11.so.6.4.0)
==316015==    by 0x116FD5: mlx_int_wait_first_expose (in /home/hlichten/Documents/cub3D/cub3d)
==316015==    by 0x116D15: mlx_new_window (in /home/hlichten/Documents/cub3D/cub3d)
==316015==    by 0x110260: create_window (window_creation.c:24)
==316015==    by 0x10FA3C: main (main.c:26)
==316015== 
==316015== 2,016 bytes in 27 blocks are still reachable in loss record 102 of 110
==316015==    at 0x484DA83: calloc (in /usr/libexec/valgrind/vgpreload_memcheck-amd64-linux.so)
==316015==    by 0x49167DD: _XkbReadGetMapReply (in /usr/lib/x86_64-linux-gnu/libX11.so.6.4.0)
==316015==    by 0x491741E: XkbGetUpdatedMap (in /usr/lib/x86_64-linux-gnu/libX11.so.6.4.0)
==316015==    by 0x49174F4: XkbGetMap (in /usr/lib/x86_64-linux-gnu/libX11.so.6.4.0)
==316015==    by 0x4917542: ??? (in /usr/lib/x86_64-linux-gnu/libX11.so.6.4.0)
==316015==    by 0x49178AF: XkbKeycodeToKeysym (in /usr/lib/x86_64-linux-gnu/libX11.so.6.4.0)
==316015==    by 0x118657: mlx_int_param_KeyPress (in /home/hlichten/Documents/cub3D/cub3d)
==316015==    by 0x116E75: mlx_loop (in /home/hlichten/Documents/cub3D/cub3d)
==316015==    by 0x10FAD3: main (main.c:31)
==316015== 
==316015== 2,048 bytes in 1 blocks are still reachable in loss record 103 of 110
==316015==    at 0x484DA83: calloc (in /usr/libexec/valgrind/vgpreload_memcheck-amd64-linux.so)
==316015==    by 0x4916914: _XkbReadGetMapReply (in /usr/lib/x86_64-linux-gnu/libX11.so.6.4.0)
==316015==    by 0x491741E: XkbGetUpdatedMap (in /usr/lib/x86_64-linux-gnu/libX11.so.6.4.0)
==316015==    by 0x49174F4: XkbGetMap (in /usr/lib/x86_64-linux-gnu/libX11.so.6.4.0)
==316015==    by 0x4917542: ??? (in /usr/lib/x86_64-linux-gnu/libX11.so.6.4.0)
==316015==    by 0x49178AF: XkbKeycodeToKeysym (in /usr/lib/x86_64-linux-gnu/libX11.so.6.4.0)
==316015==    by 0x118657: mlx_int_param_KeyPress (in /home/hlichten/Documents/cub3D/cub3d)
==316015==    by 0x116E75: mlx_loop (in /home/hlichten/Documents/cub3D/cub3d)
==316015==    by 0x10FAD3: main (main.c:31)
==316015== 
==316015== 2,704 bytes in 13 blocks are still reachable in loss record 104 of 110
==316015==    at 0x4848899: malloc (in /usr/libexec/valgrind/vgpreload_memcheck-amd64-linux.so)
==316015==    by 0x48CAFAE: _XEnq (in /usr/lib/x86_64-linux-gnu/libX11.so.6.4.0)
==316015==    by 0x48CDBB6: ??? (in /usr/lib/x86_64-linux-gnu/libX11.so.6.4.0)
==316015==    by 0x48CEF01: _XReadEvents (in /usr/lib/x86_64-linux-gnu/libX11.so.6.4.0)
==316015==    by 0x48CF205: XWindowEvent (in /usr/lib/x86_64-linux-gnu/libX11.so.6.4.0)
==316015==    by 0x116FD5: mlx_int_wait_first_expose (in /home/hlichten/Documents/cub3D/cub3d)
==316015==    by 0x116D15: mlx_new_window (in /home/hlichten/Documents/cub3D/cub3d)
==316015==    by 0x110260: create_window (window_creation.c:24)
==316015==    by 0x10FA3C: main (main.c:26)
==316015== 
==316015== 4,096 bytes in 1 blocks are still reachable in loss record 105 of 110
==316015==    at 0x484DA83: calloc (in /usr/libexec/valgrind/vgpreload_memcheck-amd64-linux.so)
==316015==    by 0x491713E: _XkbReadGetMapReply (in /usr/lib/x86_64-linux-gnu/libX11.so.6.4.0)
==316015==    by 0x491741E: XkbGetUpdatedMap (in /usr/lib/x86_64-linux-gnu/libX11.so.6.4.0)
==316015==    by 0x49174F4: XkbGetMap (in /usr/lib/x86_64-linux-gnu/libX11.so.6.4.0)
==316015==    by 0x4917542: ??? (in /usr/lib/x86_64-linux-gnu/libX11.so.6.4.0)
==316015==    by 0x49178AF: XkbKeycodeToKeysym (in /usr/lib/x86_64-linux-gnu/libX11.so.6.4.0)
==316015==    by 0x118657: mlx_int_param_KeyPress (in /home/hlichten/Documents/cub3D/cub3d)
==316015==    by 0x116E75: mlx_loop (in /home/hlichten/Documents/cub3D/cub3d)
==316015==    by 0x10FAD3: main (main.c:31)
==316015== 
==316015== 4,704 bytes in 1 blocks are still reachable in loss record 106 of 110
==316015==    at 0x484DA83: calloc (in /usr/libexec/valgrind/vgpreload_memcheck-amd64-linux.so)
==316015==    by 0x48B8B31: XOpenDisplay (in /usr/lib/x86_64-linux-gnu/libX11.so.6.4.0)
==316015==    by 0x116AC6: mlx_init (in /home/hlichten/Documents/cub3D/cub3d)
==316015==    by 0x110201: create_window (window_creation.c:21)
==316015==    by 0x10FA3C: main (main.c:26)
==316015== 
==316015== 12,308 bytes in 1 blocks are still reachable in loss record 107 of 110
==316015==    at 0x484DCD3: realloc (in /usr/libexec/valgrind/vgpreload_memcheck-amd64-linux.so)
==316015==    by 0x4CEA4FB: xcb_connect_to_fd (in /usr/lib/x86_64-linux-gnu/libxcb.so.1.1.0)
==316015==    by 0x4CEAE6B: xcb_connect_to_display_with_auth_info (in /usr/lib/x86_64-linux-gnu/libxcb.so.1.1.0)
==316015==    by 0x48C8EE9: _XConnectXCB (in /usr/lib/x86_64-linux-gnu/libX11.so.6.4.0)
==316015==    by 0x48B8B68: XOpenDisplay (in /usr/lib/x86_64-linux-gnu/libX11.so.6.4.0)
==316015==    by 0x116AC6: mlx_init (in /home/hlichten/Documents/cub3D/cub3d)
==316015==    by 0x110201: create_window (window_creation.c:21)
==316015==    by 0x10FA3C: main (main.c:26)
==316015== 
==316015== 16,384 bytes in 1 blocks are still reachable in loss record 108 of 110
==316015==    at 0x484DA83: calloc (in /usr/libexec/valgrind/vgpreload_memcheck-amd64-linux.so)
==316015==    by 0x48B8EBE: XOpenDisplay (in /usr/lib/x86_64-linux-gnu/libX11.so.6.4.0)
==316015==    by 0x116AC6: mlx_init (in /home/hlichten/Documents/cub3D/cub3d)
==316015==    by 0x110201: create_window (window_creation.c:21)
==316015==    by 0x10FA3C: main (main.c:26)
==316015== 
==316015== 21,168 bytes in 1 blocks are still reachable in loss record 109 of 110
==316015==    at 0x484DA83: calloc (in /usr/libexec/valgrind/vgpreload_memcheck-amd64-linux.so)
==316015==    by 0x4CEA204: xcb_connect_to_fd (in /usr/lib/x86_64-linux-gnu/libxcb.so.1.1.0)
==316015==    by 0x4CEAE6B: xcb_connect_to_display_with_auth_info (in /usr/lib/x86_64-linux-gnu/libxcb.so.1.1.0)
==316015==    by 0x48C8EE9: _XConnectXCB (in /usr/lib/x86_64-linux-gnu/libX11.so.6.4.0)
==316015==    by 0x48B8B68: XOpenDisplay (in /usr/lib/x86_64-linux-gnu/libX11.so.6.4.0)
==316015==    by 0x116AC6: mlx_init (in /home/hlichten/Documents/cub3D/cub3d)
==316015==    by 0x110201: create_window (window_creation.c:21)
==316015==    by 0x10FA3C: main (main.c:26)
==316015== 
==316015== 28,224 bytes in 2 blocks are still reachable in loss record 110 of 110
==316015==    at 0x484DA83: calloc (in /usr/libexec/valgrind/vgpreload_memcheck-amd64-linux.so)
==316015==    by 0x48B9290: XOpenDisplay (in /usr/lib/x86_64-linux-gnu/libX11.so.6.4.0)
==316015==    by 0x116AC6: mlx_init (in /home/hlichten/Documents/cub3D/cub3d)
==316015==    by 0x110201: create_window (window_creation.c:21)
==316015==    by 0x10FA3C: main (main.c:26)
==316015== 
==316015== LEAK SUMMARY:
==316015==    definitely lost: 528 bytes in 6 blocks
==316015==    indirectly lost: 816 bytes in 6 blocks
==316015==      possibly lost: 0 bytes in 0 blocks
==316015==    still reachable: 108,471 bytes in 168 blocks
==316015==         suppressed: 0 bytes in 0 blocks
==316015== 
==316015== For lists of detected and suppressed errors, rerun with: -s
==316015== ERROR SUMMARY: 8 errors from 8 contexts (suppressed: 1 from 1)
